[2014-04-14 12:50:34] production.ERROR: exception 'PDOException' with message 'SQLSTATE[HY000] [2002] Can't connect to local MySQL server through socket '/Applications/MAMP/tmp/mysql/mysql.sock' (2)' in /Users/amirolahmad/Documents/Projects/Anti-Scammer/vendor/laravel/framework/src/Illuminate/Database/Connectors/Connector.php:47
Stack trace:
#0 /Users/amirolahmad/Documents/Projects/Anti-Scammer/vendor/laravel/framework/src/Illuminate/Database/Connectors/Connector.php(47): PDO->__construct('mysql:host=loca...', 'root', 'root', Array)
#1 /Users/amirolahmad/Documents/Projects/Anti-Scammer/vendor/laravel/framework/src/Illuminate/Database/Connectors/MySqlConnector.php(20): Illuminate\Database\Connectors\Connector->createConnection('mysql:host=loca...', Array, Array)
#2 /Users/amirolahmad/Documents/Projects/Anti-Scammer/vendor/laravel/framework/src/Illuminate/Database/Connectors/ConnectionFactory.php(59): Illuminate\Database\Connectors\MySqlConnector->connect(Array)
#3 /Users/amirolahmad/Documents/Projects/Anti-Scammer/vendor/laravel/framework/src/Illuminate/Database/Connectors/ConnectionFactory.php(47): Illuminate\Database\Connectors\ConnectionFactory->createSingleConnection(Array)
#4 /Users/amirolahmad/Documents/Projects/Anti-Scammer/vendor/laravel/framework/src/Illuminate/Database/DatabaseManager.php(127): Illuminate\Database\Connectors\ConnectionFactory->make(Array, 'mysql')
#5 /Users/amirolahmad/Documents/Projects/Anti-Scammer/vendor/laravel/framework/src/Illuminate/Database/DatabaseManager.php(63): Illuminate\Database\DatabaseManager->makeConnection('mysql')
#6 /Users/amirolahmad/Documents/Projects/Anti-Scammer/vendor/laravel/framework/src/Illuminate/Database/Eloquent/Model.php(2698): Illuminate\Database\DatabaseManager->connection(NULL)
#7 /Users/amirolahmad/Documents/Projects/Anti-Scammer/vendor/laravel/framework/src/Illuminate/Database/Eloquent/Model.php(2664): Illuminate\Database\Eloquent\Model::resolveConnection(NULL)
#8 /Users/amirolahmad/Documents/Projects/Anti-Scammer/vendor/laravel/framework/src/Illuminate/Database/Eloquent/Model.php(1733): Illuminate\Database\Eloquent\Model->getConnection()
#9 /Users/amirolahmad/Documents/Projects/Anti-Scammer/vendor/laravel/framework/src/Illuminate/Database/Eloquent/Model.php(1656): Illuminate\Database\Eloquent\Model->newBaseQueryBuilder()
#10 /Users/amirolahmad/Documents/Projects/Anti-Scammer/vendor/laravel/framework/src/Illuminate/Auth/EloquentUserProvider.php(56): Illuminate\Database\Eloquent\Model->newQuery()
#11 /Users/amirolahmad/Documents/Projects/Anti-Scammer/vendor/laravel/framework/src/Illuminate/Auth/Guard.php(292): Illuminate\Auth\EloquentUserProvider->retrieveByCredentials(Array)
#12 [internal function]: Illuminate\Auth\Guard->attempt(Array, false)
#13 /Users/amirolahmad/Documents/Projects/Anti-Scammer/vendor/laravel/framework/src/Illuminate/Support/Manager.php(131): call_user_func_array(Array, Array)
#14 /Users/amirolahmad/Documents/Projects/Anti-Scammer/vendor/laravel/framework/src/Illuminate/Support/Facades/Facade.php(211): Illuminate\Support\Manager->__call('attempt', Array)
#15 /Users/amirolahmad/Documents/Projects/Anti-Scammer/vendor/laravel/framework/src/Illuminate/Support/Facades/Facade.php(211): Illuminate\Auth\AuthManager->attempt(Array, false)
#16 /Users/amirolahmad/Documents/Projects/Anti-Scammer/app/controllers/AuthController.php(20): Illuminate\Support\Facades\Facade::__callStatic('attempt', Array)
#17 /Users/amirolahmad/Documents/Projects/Anti-Scammer/app/controllers/AuthController.php(20): Illuminate\Support\Facades\Auth::attempt(Array, false)
#18 [internal function]: AuthController->postLogin()
#19 /Users/amirolahmad/Documents/Projects/Anti-Scammer/vendor/laravel/framework/src/Illuminate/Routing/Controller.php(231): call_user_func_array(Array, Array)
#20 /Users/amirolahmad/Documents/Projects/Anti-Scammer/vendor/laravel/framework/src/Illuminate/Routing/ControllerDispatcher.php(93): Illuminate\Routing\Controller->callAction('postLogin', Array)
#21 /Users/amirolahmad/Documents/Projects/Anti-Scammer/vendor/laravel/framework/src/Illuminate/Routing/ControllerDispatcher.php(62): Illuminate\Routing\ControllerDispatcher->call(Object(AuthController), Object(Illuminate\Routing\Route), 'postLogin')
#22 /Users/amirolahmad/Documents/Projects/Anti-Scammer/vendor/laravel/framework/src/Illuminate/Routing/Router.php(934): Illuminate\Routing\ControllerDispatcher->dispatch(Object(Illuminate\Routing\Route), Object(Illuminate\Http\Request), 'AuthController', 'postLogin')
#23 [internal function]: Illuminate\Routing\Router->Illuminate\Routing\{closure}()
#24 /Users/amirolahmad/Documents/Projects/Anti-Scammer/vendor/laravel/framework/src/Illuminate/Routing/Route.php(105): call_user_func_array(Object(Closure), Array)
#25 /Users/amirolahmad/Documents/Projects/Anti-Scammer/vendor/laravel/framework/src/Illuminate/Routing/Router.php(1000): Illuminate\Routing\Route->run(Object(Illuminate\Http\Request))
#26 /Users/amirolahmad/Documents/Projects/Anti-Scammer/vendor/laravel/framework/src/Illuminate/Routing/Router.php(968): Illuminate\Routing\Router->dispatchToRoute(Object(Illuminate\Http\Request))
#27 /Users/amirolahmad/Documents/Projects/Anti-Scammer/vendor/laravel/framework/src/Illuminate/Foundation/Application.php(738): Illuminate\Routing\Router->dispatch(Object(Illuminate\Http\Request))
#28 /Users/amirolahmad/Documents/Projects/Anti-Scammer/vendor/laravel/framework/src/Illuminate/Foundation/Application.php(708): Illuminate\Foundation\Application->dispatch(Object(Illuminate\Http\Request))
#29 /Users/amirolahmad/Documents/Projects/Anti-Scammer/vendor/laravel/framework/src/Illuminate/Http/FrameGuard.php(38): Illuminate\Foundation\Application->handle(Object(Illuminate\Http\Request), 1, true)
#30 /Users/amirolahmad/Documents/Projects/Anti-Scammer/vendor/laravel/framework/src/Illuminate/Session/Middleware.php(72): Illuminate\Http\FrameGuard->handle(Object(Illuminate\Http\Request), 1, true)
#31 /Users/amirolahmad/Documents/Projects/Anti-Scammer/vendor/laravel/framework/src/Illuminate/Cookie/Queue.php(47): Illuminate\Session\Middleware->handle(Object(Illuminate\Http\Request), 1, true)
#32 /Users/amirolahmad/Documents/Projects/Anti-Scammer/vendor/laravel/framework/src/Illuminate/Cookie/Guard.php(51): Illuminate\Cookie\Queue->handle(Object(Illuminate\Http\Request), 1, true)
#33 /Users/amirolahmad/Documents/Projects/Anti-Scammer/vendor/stack/builder/src/Stack/StackedHttpKernel.php(23): Illuminate\Cookie\Guard->handle(Object(Illuminate\Http\Request), 1, true)
#34 /Users/amirolahmad/Documents/Projects/Anti-Scammer/vendor/laravel/framework/src/Illuminate/Foundation/Application.php(606): Stack\StackedHttpKernel->handle(Object(Illuminate\Http\Request))
#35 /Users/amirolahmad/Documents/Projects/Anti-Scammer/public/index.php(49): Illuminate\Foundation\Application->run()
#36 /Users/amirolahmad/Documents/Projects/Anti-Scammer/server.php(19): require_once('/Users/amirolah...')
#37 {main} [] []
[2014-04-14 13:19:53] production.ERROR: exception 'PDOException' with message 'SQLSTATE[42000] [1049] Unknown database 'antiscammer'' in /Users/amirolahmad/Documents/Projects/Anti-Scammer/vendor/laravel/framework/src/Illuminate/Database/Connectors/Connector.php:47
Stack trace:
#0 /Users/amirolahmad/Documents/Projects/Anti-Scammer/vendor/laravel/framework/src/Illuminate/Database/Connectors/Connector.php(47): PDO->__construct('mysql:host=loca...', 'root', 'root', Array)
#1 /Users/amirolahmad/Documents/Projects/Anti-Scammer/vendor/laravel/framework/src/Illuminate/Database/Connectors/MySqlConnector.php(20): Illuminate\Database\Connectors\Connector->createConnection('mysql:host=loca...', Array, Array)
#2 /Users/amirolahmad/Documents/Projects/Anti-Scammer/vendor/laravel/framework/src/Illuminate/Database/Connectors/ConnectionFactory.php(59): Illuminate\Database\Connectors\MySqlConnector->connect(Array)
#3 /Users/amirolahmad/Documents/Projects/Anti-Scammer/vendor/laravel/framework/src/Illuminate/Database/Connectors/ConnectionFactory.php(47): Illuminate\Database\Connectors\ConnectionFactory->createSingleConnection(Array)
#4 /Users/amirolahmad/Documents/Projects/Anti-Scammer/vendor/laravel/framework/src/Illuminate/Database/DatabaseManager.php(127): Illuminate\Database\Connectors\ConnectionFactory->make(Array, 'mysql')
#5 /Users/amirolahmad/Documents/Projects/Anti-Scammer/vendor/laravel/framework/src/Illuminate/Database/DatabaseManager.php(63): Illuminate\Database\DatabaseManager->makeConnection('mysql')
#6 /Users/amirolahmad/Documents/Projects/Anti-Scammer/vendor/laravel/framework/src/Illuminate/Database/Migrations/DatabaseMigrationRepository.php(167): Illuminate\Database\DatabaseManager->connection(NULL)
#7 /Users/amirolahmad/Documents/Projects/Anti-Scammer/vendor/laravel/framework/src/Illuminate/Database/Migrations/DatabaseMigrationRepository.php(135): Illuminate\Database\Migrations\DatabaseMigrationRepository->getConnection()
#8 /Users/amirolahmad/Documents/Projects/Anti-Scammer/vendor/laravel/framework/src/Illuminate/Database/Migrations/Migrator.php(366): Illuminate\Database\Migrations\DatabaseMigrationRepository->repositoryExists()
#9 /Users/amirolahmad/Documents/Projects/Anti-Scammer/vendor/laravel/framework/src/Illuminate/Database/Console/Migrations/MigrateCommand.php(93): Illuminate\Database\Migrations\Migrator->repositoryExists()
#10 /Users/amirolahmad/Documents/Projects/Anti-Scammer/vendor/laravel/framework/src/Illuminate/Database/Console/Migrations/MigrateCommand.php(56): Illuminate\Database\Console\Migrations\MigrateCommand->prepareDatabase()
#11 /Users/amirolahmad/Documents/Projects/Anti-Scammer/vendor/laravel/framework/src/Illuminate/Console/Command.php(108): Illuminate\Database\Console\Migrations\MigrateCommand->fire()
#12 /Users/amirolahmad/Documents/Projects/Anti-Scammer/vendor/symfony/console/Symfony/Component/Console/Command/Command.php(241): Illuminate\Console\Command->execute(Object(Symfony\Component\Console\Input\ArgvInput), Object(Symfony\Component\Console\Output\ConsoleOutput))
#13 /Users/amirolahmad/Documents/Projects/Anti-Scammer/vendor/laravel/framework/src/Illuminate/Console/Command.php(96): Symfony\Component\Console\Command\Command->run(Object(Symfony\Component\Console\Input\ArgvInput), Object(Symfony\Component\Console\Output\ConsoleOutput))
#14 /Users/amirolahmad/Documents/Projects/Anti-Scammer/vendor/symfony/console/Symfony/Component/Console/Application.php(892): Illuminate\Console\Command->run(Object(Symfony\Component\Console\Input\ArgvInput), Object(Symfony\Component\Console\Output\ConsoleOutput))
#15 /Users/amirolahmad/Documents/Projects/Anti-Scammer/vendor/symfony/console/Symfony/Component/Console/Application.php(191): Symfony\Component\Console\Application->doRunCommand(Object(Illuminate\Database\Console\Migrations\MigrateCommand), Object(Symfony\Component\Console\Input\ArgvInput), Object(Symfony\Component\Console\Output\ConsoleOutput))
#16 /Users/amirolahmad/Documents/Projects/Anti-Scammer/vendor/symfony/console/Symfony/Component/Console/Application.php(121): Symfony\Component\Console\Application->doRun(Object(Symfony\Component\Console\Input\ArgvInput), Object(Symfony\Component\Console\Output\ConsoleOutput))
#17 /Users/amirolahmad/Documents/Projects/Anti-Scammer/artisan(59): Symfony\Component\Console\Application->run()
#18 {main} [] []
[2014-04-14 13:21:53] production.ERROR: exception 'PDOException' with message 'SQLSTATE[42000] [1049] Unknown database 'antiscam'' in /Users/amirolahmad/Documents/Projects/Anti-Scammer/vendor/laravel/framework/src/Illuminate/Database/Connectors/Connector.php:47
Stack trace:
#0 /Users/amirolahmad/Documents/Projects/Anti-Scammer/vendor/laravel/framework/src/Illuminate/Database/Connectors/Connector.php(47): PDO->__construct('mysql:host=loca...', 'root', 'root', Array)
#1 /Users/amirolahmad/Documents/Projects/Anti-Scammer/vendor/laravel/framework/src/Illuminate/Database/Connectors/MySqlConnector.php(20): Illuminate\Database\Connectors\Connector->createConnection('mysql:host=loca...', Array, Array)
#2 /Users/amirolahmad/Documents/Projects/Anti-Scammer/vendor/laravel/framework/src/Illuminate/Database/Connectors/ConnectionFactory.php(59): Illuminate\Database\Connectors\MySqlConnector->connect(Array)
#3 /Users/amirolahmad/Documents/Projects/Anti-Scammer/vendor/laravel/framework/src/Illuminate/Database/Connectors/ConnectionFactory.php(47): Illuminate\Database\Connectors\ConnectionFactory->createSingleConnection(Array)
#4 /Users/amirolahmad/Documents/Projects/Anti-Scammer/vendor/laravel/framework/src/Illuminate/Database/DatabaseManager.php(127): Illuminate\Database\Connectors\ConnectionFactory->make(Array, 'mysql')
#5 /Users/amirolahmad/Documents/Projects/Anti-Scammer/vendor/laravel/framework/src/Illuminate/Database/DatabaseManager.php(63): Illuminate\Database\DatabaseManager->makeConnection('mysql')
#6 /Users/amirolahmad/Documents/Projects/Anti-Scammer/vendor/laravel/framework/src/Illuminate/Database/Migrations/DatabaseMigrationRepository.php(167): Illuminate\Database\DatabaseManager->connection(NULL)
#7 /Users/amirolahmad/Documents/Projects/Anti-Scammer/vendor/laravel/framework/src/Illuminate/Database/Migrations/DatabaseMigrationRepository.php(135): Illuminate\Database\Migrations\DatabaseMigrationRepository->getConnection()
#8 /Users/amirolahmad/Documents/Projects/Anti-Scammer/vendor/laravel/framework/src/Illuminate/Database/Migrations/Migrator.php(366): Illuminate\Database\Migrations\DatabaseMigrationRepository->repositoryExists()
#9 /Users/amirolahmad/Documents/Projects/Anti-Scammer/vendor/laravel/framework/src/Illuminate/Database/Console/Migrations/MigrateCommand.php(93): Illuminate\Database\Migrations\Migrator->repositoryExists()
#10 /Users/amirolahmad/Documents/Projects/Anti-Scammer/vendor/laravel/framework/src/Illuminate/Database/Console/Migrations/MigrateCommand.php(56): Illuminate\Database\Console\Migrations\MigrateCommand->prepareDatabase()
#11 /Users/amirolahmad/Documents/Projects/Anti-Scammer/vendor/laravel/framework/src/Illuminate/Console/Command.php(108): Illuminate\Database\Console\Migrations\MigrateCommand->fire()
#12 /Users/amirolahmad/Documents/Projects/Anti-Scammer/vendor/symfony/console/Symfony/Component/Console/Command/Command.php(241): Illuminate\Console\Command->execute(Object(Symfony\Component\Console\Input\ArgvInput), Object(Symfony\Component\Console\Output\ConsoleOutput))
#13 /Users/amirolahmad/Documents/Projects/Anti-Scammer/vendor/laravel/framework/src/Illuminate/Console/Command.php(96): Symfony\Component\Console\Command\Command->run(Object(Symfony\Component\Console\Input\ArgvInput), Object(Symfony\Component\Console\Output\ConsoleOutput))
#14 /Users/amirolahmad/Documents/Projects/Anti-Scammer/vendor/symfony/console/Symfony/Component/Console/Application.php(892): Illuminate\Console\Command->run(Object(Symfony\Component\Console\Input\ArgvInput), Object(Symfony\Component\Console\Output\ConsoleOutput))
#15 /Users/amirolahmad/Documents/Projects/Anti-Scammer/vendor/symfony/console/Symfony/Component/Console/Application.php(191): Symfony\Component\Console\Application->doRunCommand(Object(Illuminate\Database\Console\Migrations\MigrateCommand), Object(Symfony\Component\Console\Input\ArgvInput), Object(Symfony\Component\Console\Output\ConsoleOutput))
#16 /Users/amirolahmad/Documents/Projects/Anti-Scammer/vendor/symfony/console/Symfony/Component/Console/Application.php(121): Symfony\Component\Console\Application->doRun(Object(Symfony\Component\Console\Input\ArgvInput), Object(Symfony\Component\Console\Output\ConsoleOutput))
#17 /Users/amirolahmad/Documents/Projects/Anti-Scammer/artisan(59): Symfony\Component\Console\Application->run()
#18 {main} [] []
[2014-04-14 13:22:14] production.ERROR: exception 'PDOException' with message 'SQLSTATE[42000] [1049] Unknown database 'antiscam'' in /Users/amirolahmad/Documents/Projects/Anti-Scammer/vendor/laravel/framework/src/Illuminate/Database/Connectors/Connector.php:47
Stack trace:
#0 /Users/amirolahmad/Documents/Projects/Anti-Scammer/vendor/laravel/framework/src/Illuminate/Database/Connectors/Connector.php(47): PDO->__construct('mysql:host=loca...', 'root', 'root', Array)
#1 /Users/amirolahmad/Documents/Projects/Anti-Scammer/vendor/laravel/framework/src/Illuminate/Database/Connectors/MySqlConnector.php(20): Illuminate\Database\Connectors\Connector->createConnection('mysql:host=loca...', Array, Array)
#2 /Users/amirolahmad/Documents/Projects/Anti-Scammer/vendor/laravel/framework/src/Illuminate/Database/Connectors/ConnectionFactory.php(59): Illuminate\Database\Connectors\MySqlConnector->connect(Array)
#3 /Users/amirolahmad/Documents/Projects/Anti-Scammer/vendor/laravel/framework/src/Illuminate/Database/Connectors/ConnectionFactory.php(47): Illuminate\Database\Connectors\ConnectionFactory->createSingleConnection(Array)
#4 /Users/amirolahmad/Documents/Projects/Anti-Scammer/vendor/laravel/framework/src/Illuminate/Database/DatabaseManager.php(127): Illuminate\Database\Connectors\ConnectionFactory->make(Array, 'mysql')
#5 /Users/amirolahmad/Documents/Projects/Anti-Scammer/vendor/laravel/framework/src/Illuminate/Database/DatabaseManager.php(63): Illuminate\Database\DatabaseManager->makeConnection('mysql')
#6 /Users/amirolahmad/Documents/Projects/Anti-Scammer/vendor/laravel/framework/src/Illuminate/Database/Migrations/DatabaseMigrationRepository.php(167): Illuminate\Database\DatabaseManager->connection(NULL)
#7 /Users/amirolahmad/Documents/Projects/Anti-Scammer/vendor/laravel/framework/src/Illuminate/Database/Migrations/DatabaseMigrationRepository.php(135): Illuminate\Database\Migrations\DatabaseMigrationRepository->getConnection()
#8 /Users/amirolahmad/Documents/Projects/Anti-Scammer/vendor/laravel/framework/src/Illuminate/Database/Migrations/Migrator.php(366): Illuminate\Database\Migrations\DatabaseMigrationRepository->repositoryExists()
#9 /Users/amirolahmad/Documents/Projects/Anti-Scammer/vendor/laravel/framework/src/Illuminate/Database/Console/Migrations/MigrateCommand.php(93): Illuminate\Database\Migrations\Migrator->repositoryExists()
#10 /Users/amirolahmad/Documents/Projects/Anti-Scammer/vendor/laravel/framework/src/Illuminate/Database/Console/Migrations/MigrateCommand.php(56): Illuminate\Database\Console\Migrations\MigrateCommand->prepareDatabase()
#11 /Users/amirolahmad/Documents/Projects/Anti-Scammer/vendor/laravel/framework/src/Illuminate/Console/Command.php(108): Illuminate\Database\Console\Migrations\MigrateCommand->fire()
#12 /Users/amirolahmad/Documents/Projects/Anti-Scammer/vendor/symfony/console/Symfony/Component/Console/Command/Command.php(241): Illuminate\Console\Command->execute(Object(Symfony\Component\Console\Input\ArgvInput), Object(Symfony\Component\Console\Output\ConsoleOutput))
#13 /Users/amirolahmad/Documents/Projects/Anti-Scammer/vendor/laravel/framework/src/Illuminate/Console/Command.php(96): Symfony\Component\Console\Command\Command->run(Object(Symfony\Component\Console\Input\ArgvInput), Object(Symfony\Component\Console\Output\ConsoleOutput))
#14 /Users/amirolahmad/Documents/Projects/Anti-Scammer/vendor/symfony/console/Symfony/Component/Console/Application.php(892): Illuminate\Console\Command->run(Object(Symfony\Component\Console\Input\ArgvInput), Object(Symfony\Component\Console\Output\ConsoleOutput))
#15 /Users/amirolahmad/Documents/Projects/Anti-Scammer/vendor/symfony/console/Symfony/Component/Console/Application.php(191): Symfony\Component\Console\Application->doRunCommand(Object(Illuminate\Database\Console\Migrations\MigrateCommand), Object(Symfony\Component\Console\Input\ArgvInput), Object(Symfony\Component\Console\Output\ConsoleOutput))
#16 /Users/amirolahmad/Documents/Projects/Anti-Scammer/vendor/symfony/console/Symfony/Component/Console/Application.php(121): Symfony\Component\Console\Application->doRun(Object(Symfony\Component\Console\Input\ArgvInput), Object(Symfony\Component\Console\Output\ConsoleOutput))
#17 /Users/amirolahmad/Documents/Projects/Anti-Scammer/artisan(59): Symfony\Component\Console\Application->run()
#18 {main} [] []
[2014-04-14 13:22:56] production.ERROR: exception 'Symfony\Component\Debug\Exception\FatalErrorException' with message 'syntax error, unexpected '}'' in /Users/amirolahmad/Documents/Projects/Anti-Scammer/app/database/migrations/2014_04_14_131457_create_users_table.php:22
Stack trace:
#0 [internal function]: Illuminate\Exception\Handler->handleShutdown()
#1 {main} [] []
[2014-04-14 13:41:23] production.ERROR: exception 'ErrorException' with message 'Invalid argument supplied for foreach()' in /Users/amirolahmad/Documents/Projects/Anti-Scammer/app/storage/views/cf0ea7247b1d13fd888d90ce8deb3b7b:42
Stack trace:
#0 /Users/amirolahmad/Documents/Projects/Anti-Scammer/app/storage/views/cf0ea7247b1d13fd888d90ce8deb3b7b(42): Illuminate\Exception\Handler->handleError(2, 'Invalid argumen...', '/Users/amirolah...', 42, Array)
#1 /Users/amirolahmad/Documents/Projects/Anti-Scammer/vendor/laravel/framework/src/Illuminate/View/Engines/PhpEngine.php(37): include('/Users/amirolah...')
#2 /Users/amirolahmad/Documents/Projects/Anti-Scammer/vendor/laravel/framework/src/Illuminate/View/Engines/CompilerEngine.php(56): Illuminate\View\Engines\PhpEngine->evaluatePath('/Users/amirolah...', Array)
#3 /Users/amirolahmad/Documents/Projects/Anti-Scammer/vendor/laravel/framework/src/Illuminate/View/View.php(134): Illuminate\View\Engines\CompilerEngine->get('/Users/amirolah...', Array)
#4 /Users/amirolahmad/Documents/Projects/Anti-Scammer/vendor/laravel/framework/src/Illuminate/View/View.php(102): Illuminate\View\View->getContents()
#5 /Users/amirolahmad/Documents/Projects/Anti-Scammer/vendor/laravel/framework/src/Illuminate/View/View.php(76): Illuminate\View\View->renderContents()
#6 /Users/amirolahmad/Documents/Projects/Anti-Scammer/vendor/laravel/framework/src/Illuminate/Http/Response.php(70): Illuminate\View\View->render()
#7 /Users/amirolahmad/Documents/Projects/Anti-Scammer/vendor/symfony/http-foundation/Symfony/Component/HttpFoundation/Response.php(202): Illuminate\Http\Response->setContent(Object(Illuminate\View\View))
#8 /Users/amirolahmad/Documents/Projects/Anti-Scammer/vendor/laravel/framework/src/Illuminate/Routing/Router.php(1427): Symfony\Component\HttpFoundation\Response->__construct(Object(Illuminate\View\View))
#9 /Users/amirolahmad/Documents/Projects/Anti-Scammer/vendor/laravel/framework/src/Illuminate/Routing/Router.php(1003): Illuminate\Routing\Router->prepareResponse(Object(Illuminate\Http\Request), Object(Illuminate\View\View))
#10 /Users/amirolahmad/Documents/Projects/Anti-Scammer/vendor/laravel/framework/src/Illuminate/Routing/Router.php(968): Illuminate\Routing\Router->dispatchToRoute(Object(Illuminate\Http\Request))
#11 /Users/amirolahmad/Documents/Projects/Anti-Scammer/vendor/laravel/framework/src/Illuminate/Foundation/Application.php(738): Illuminate\Routing\Router->dispatch(Object(Illuminate\Http\Request))
#12 /Users/amirolahmad/Documents/Projects/Anti-Scammer/vendor/laravel/framework/src/Illuminate/Foundation/Application.php(708): Illuminate\Foundation\Application->dispatch(Object(Illuminate\Http\Request))
#13 /Users/amirolahmad/Documents/Projects/Anti-Scammer/vendor/laravel/framework/src/Illuminate/Http/FrameGuard.php(38): Illuminate\Foundation\Application->handle(Object(Illuminate\Http\Request), 1, true)
#14 /Users/amirolahmad/Documents/Projects/Anti-Scammer/vendor/laravel/framework/src/Illuminate/Session/Middleware.php(72): Illuminate\Http\FrameGuard->handle(Object(Illuminate\Http\Request), 1, true)
#15 /Users/amirolahmad/Documents/Projects/Anti-Scammer/vendor/laravel/framework/src/Illuminate/Cookie/Queue.php(47): Illuminate\Session\Middleware->handle(Object(Illuminate\Http\Request), 1, true)
#16 /Users/amirolahmad/Documents/Projects/Anti-Scammer/vendor/laravel/framework/src/Illuminate/Cookie/Guard.php(51): Illuminate\Cookie\Queue->handle(Object(Illuminate\Http\Request), 1, true)
#17 /Users/amirolahmad/Documents/Projects/Anti-Scammer/vendor/stack/builder/src/Stack/StackedHttpKernel.php(23): Illuminate\Cookie\Guard->handle(Object(Illuminate\Http\Request), 1, true)
#18 /Users/amirolahmad/Documents/Projects/Anti-Scammer/vendor/laravel/framework/src/Illuminate/Foundation/Application.php(606): Stack\StackedHttpKernel->handle(Object(Illuminate\Http\Request))
#19 /Users/amirolahmad/Documents/Projects/Anti-Scammer/public/index.php(49): Illuminate\Foundation\Application->run()
#20 /Users/amirolahmad/Documents/Projects/Anti-Scammer/server.php(19): require_once('/Users/amirolah...')
#21 {main}

Next exception 'ErrorException' with message 'Invalid argument supplied for foreach() (View: /Users/amirolahmad/Documents/Projects/Anti-Scammer/app/views/client.blade.php)' in /Users/amirolahmad/Documents/Projects/Anti-Scammer/app/storage/views/cf0ea7247b1d13fd888d90ce8deb3b7b:42
Stack trace:
#0 /Users/amirolahmad/Documents/Projects/Anti-Scammer/vendor/laravel/framework/src/Illuminate/View/Engines/PhpEngine.php(41): Illuminate\View\Engines\CompilerEngine->handleViewException(Object(ErrorException))
#1 /Users/amirolahmad/Documents/Projects/Anti-Scammer/vendor/laravel/framework/src/Illuminate/View/Engines/CompilerEngine.php(56): Illuminate\View\Engines\PhpEngine->evaluatePath('/Users/amirolah...', Array)
#2 /Users/amirolahmad/Documents/Projects/Anti-Scammer/vendor/laravel/framework/src/Illuminate/View/View.php(134): Illuminate\View\Engines\CompilerEngine->get('/Users/amirolah...', Array)
#3 /Users/amirolahmad/Documents/Projects/Anti-Scammer/vendor/laravel/framework/src/Illuminate/View/View.php(102): Illuminate\View\View->getContents()
#4 /Users/amirolahmad/Documents/Projects/Anti-Scammer/vendor/laravel/framework/src/Illuminate/View/View.php(76): Illuminate\View\View->renderContents()
#5 /Users/amirolahmad/Documents/Projects/Anti-Scammer/vendor/laravel/framework/src/Illuminate/Http/Response.php(70): Illuminate\View\View->render()
#6 /Users/amirolahmad/Documents/Projects/Anti-Scammer/vendor/symfony/http-foundation/Symfony/Component/HttpFoundation/Response.php(202): Illuminate\Http\Response->setContent(Object(Illuminate\View\View))
#7 /Users/amirolahmad/Documents/Projects/Anti-Scammer/vendor/laravel/framework/src/Illuminate/Routing/Router.php(1427): Symfony\Component\HttpFoundation\Response->__construct(Object(Illuminate\View\View))
#8 /Users/amirolahmad/Documents/Projects/Anti-Scammer/vendor/laravel/framework/src/Illuminate/Routing/Router.php(1003): Illuminate\Routing\Router->prepareResponse(Object(Illuminate\Http\Request), Object(Illuminate\View\View))
#9 /Users/amirolahmad/Documents/Projects/Anti-Scammer/vendor/laravel/framework/src/Illuminate/Routing/Router.php(968): Illuminate\Routing\Router->dispatchToRoute(Object(Illuminate\Http\Request))
#10 /Users/amirolahmad/Documents/Projects/Anti-Scammer/vendor/laravel/framework/src/Illuminate/Foundation/Application.php(738): Illuminate\Routing\Router->dispatch(Object(Illuminate\Http\Request))
#11 /Users/amirolahmad/Documents/Projects/Anti-Scammer/vendor/laravel/framework/src/Illuminate/Foundation/Application.php(708): Illuminate\Foundation\Application->dispatch(Object(Illuminate\Http\Request))
#12 /Users/amirolahmad/Documents/Projects/Anti-Scammer/vendor/laravel/framework/src/Illuminate/Http/FrameGuard.php(38): Illuminate\Foundation\Application->handle(Object(Illuminate\Http\Request), 1, true)
#13 /Users/amirolahmad/Documents/Projects/Anti-Scammer/vendor/laravel/framework/src/Illuminate/Session/Middleware.php(72): Illuminate\Http\FrameGuard->handle(Object(Illuminate\Http\Request), 1, true)
#14 /Users/amirolahmad/Documents/Projects/Anti-Scammer/vendor/laravel/framework/src/Illuminate/Cookie/Queue.php(47): Illuminate\Session\Middleware->handle(Object(Illuminate\Http\Request), 1, true)
#15 /Users/amirolahmad/Documents/Projects/Anti-Scammer/vendor/laravel/framework/src/Illuminate/Cookie/Guard.php(51): Illuminate\Cookie\Queue->handle(Object(Illuminate\Http\Request), 1, true)
#16 /Users/amirolahmad/Documents/Projects/Anti-Scammer/vendor/stack/builder/src/Stack/StackedHttpKernel.php(23): Illuminate\Cookie\Guard->handle(Object(Illuminate\Http\Request), 1, true)
#17 /Users/amirolahmad/Documents/Projects/Anti-Scammer/vendor/laravel/framework/src/Illuminate/Foundation/Application.php(606): Stack\StackedHttpKernel->handle(Object(Illuminate\Http\Request))
#18 /Users/amirolahmad/Documents/Projects/Anti-Scammer/public/index.php(49): Illuminate\Foundation\Application->run()
#19 /Users/amirolahmad/Documents/Projects/Anti-Scammer/server.php(19): require_once('/Users/amirolah...')
#20 {main} [] []
[2014-04-14 14:28:42] production.ERROR: exception 'Illuminate\Database\QueryException' with message 'SQLSTATE[42S22]: Column not found: 1054 Unknown column 'country' in 'field list' (SQL: insert into `reports` (`acc_bank_number`, `bank_name`, `contact_number`, `country`, `location`, `owner_id`, `reporter`, `scammer_name`, `subject`) values (163464526832, Maybank, 60107152123, Malaysia, P. Pinang, 1, Amirol Ahmad, Evalisa Andria, Mencuri hati aku))' in /Users/amirolahmad/Documents/Projects/Anti-Scammer/vendor/laravel/framework/src/Illuminate/Database/Connection.php:539
Stack trace:
#0 /Users/amirolahmad/Documents/Projects/Anti-Scammer/vendor/laravel/framework/src/Illuminate/Database/Connection.php(338): Illuminate\Database\Connection->run('insert into `re...', Array, Object(Closure))
#1 /Users/amirolahmad/Documents/Projects/Anti-Scammer/vendor/laravel/framework/src/Illuminate/Database/Connection.php(295): Illuminate\Database\Connection->statement('insert into `re...', Array)
#2 /Users/amirolahmad/Documents/Projects/Anti-Scammer/vendor/laravel/framework/src/Illuminate/Database/Query/Builder.php(1706): Illuminate\Database\Connection->insert('insert into `re...', Array)
#3 /Users/amirolahmad/Documents/Projects/Anti-Scammer/app/database/seeds/ReportsTableSeeder.php(21): Illuminate\Database\Query\Builder->insert(Array)
#4 /Users/amirolahmad/Documents/Projects/Anti-Scammer/vendor/laravel/framework/src/Illuminate/Database/Seeder.php(37): ReportsTableSeeder->run()
#5 /Users/amirolahmad/Documents/Projects/Anti-Scammer/app/database/seeds/DatabaseSeeder.php(15): Illuminate\Database\Seeder->call('ReportsTableSee...')
#6 /Users/amirolahmad/Documents/Projects/Anti-Scammer/vendor/laravel/framework/src/Illuminate/Database/Console/SeedCommand.php(52): DatabaseSeeder->run()
#7 /Users/amirolahmad/Documents/Projects/Anti-Scammer/vendor/laravel/framework/src/Illuminate/Console/Command.php(108): Illuminate\Database\Console\SeedCommand->fire()
#8 /Users/amirolahmad/Documents/Projects/Anti-Scammer/vendor/symfony/console/Symfony/Component/Console/Command/Command.php(241): Illuminate\Console\Command->execute(Object(Symfony\Component\Console\Input\ArgvInput), Object(Symfony\Component\Console\Output\ConsoleOutput))
#9 /Users/amirolahmad/Documents/Projects/Anti-Scammer/vendor/laravel/framework/src/Illuminate/Console/Command.php(96): Symfony\Component\Console\Command\Command->run(Object(Symfony\Component\Console\Input\ArgvInput), Object(Symfony\Component\Console\Output\ConsoleOutput))
#10 /Users/amirolahmad/Documents/Projects/Anti-Scammer/vendor/symfony/console/Symfony/Component/Console/Application.php(892): Illuminate\Console\Command->run(Object(Symfony\Component\Console\Input\ArgvInput), Object(Symfony\Component\Console\Output\ConsoleOutput))
#11 /Users/amirolahmad/Documents/Projects/Anti-Scammer/vendor/symfony/console/Symfony/Component/Console/Application.php(191): Symfony\Component\Console\Application->doRunCommand(Object(Illuminate\Database\Console\SeedCommand), Object(Symfony\Component\Console\Input\ArgvInput), Object(Symfony\Component\Console\Output\ConsoleOutput))
#12 /Users/amirolahmad/Documents/Projects/Anti-Scammer/vendor/symfony/console/Symfony/Component/Console/Application.php(121): Symfony\Component\Console\Application->doRun(Object(Symfony\Component\Console\Input\ArgvInput), Object(Symfony\Component\Console\Output\ConsoleOutput))
#13 /Users/amirolahmad/Documents/Projects/Anti-Scammer/artisan(59): Symfony\Component\Console\Application->run()
#14 {main} [] []
[2014-04-14 14:31:41] production.ERROR: exception 'Illuminate\Database\QueryException' with message 'SQLSTATE[42S22]: Column not found: 1054 Unknown column 'country' in 'field list' (SQL: insert into `reports` (`acc_bank_number`, `bank_name`, `contact_number`, `country`, `location`, `owner_id`, `reporter`, `scammer_name`, `subject`) values (163464526832, Maybank, 60107152123, Malaysia, P. Pinang, 1, Amirol Ahmad, Evalisa Andria, Mencuri hati aku))' in /Users/amirolahmad/Documents/Projects/Anti-Scammer/vendor/laravel/framework/src/Illuminate/Database/Connection.php:539
Stack trace:
#0 /Users/amirolahmad/Documents/Projects/Anti-Scammer/vendor/laravel/framework/src/Illuminate/Database/Connection.php(338): Illuminate\Database\Connection->run('insert into `re...', Array, Object(Closure))
#1 /Users/amirolahmad/Documents/Projects/Anti-Scammer/vendor/laravel/framework/src/Illuminate/Database/Connection.php(295): Illuminate\Database\Connection->statement('insert into `re...', Array)
#2 /Users/amirolahmad/Documents/Projects/Anti-Scammer/vendor/laravel/framework/src/Illuminate/Database/Query/Builder.php(1706): Illuminate\Database\Connection->insert('insert into `re...', Array)
#3 /Users/amirolahmad/Documents/Projects/Anti-Scammer/app/database/seeds/ReportsTableSeeder.php(21): Illuminate\Database\Query\Builder->insert(Array)
#4 /Users/amirolahmad/Documents/Projects/Anti-Scammer/vendor/laravel/framework/src/Illuminate/Database/Seeder.php(37): ReportsTableSeeder->run()
#5 /Users/amirolahmad/Documents/Projects/Anti-Scammer/app/database/seeds/DatabaseSeeder.php(15): Illuminate\Database\Seeder->call('ReportsTableSee...')
#6 /Users/amirolahmad/Documents/Projects/Anti-Scammer/vendor/laravel/framework/src/Illuminate/Database/Console/SeedCommand.php(52): DatabaseSeeder->run()
#7 /Users/amirolahmad/Documents/Projects/Anti-Scammer/vendor/laravel/framework/src/Illuminate/Console/Command.php(108): Illuminate\Database\Console\SeedCommand->fire()
#8 /Users/amirolahmad/Documents/Projects/Anti-Scammer/vendor/symfony/console/Symfony/Component/Console/Command/Command.php(241): Illuminate\Console\Command->execute(Object(Symfony\Component\Console\Input\ArgvInput), Object(Symfony\Component\Console\Output\ConsoleOutput))
#9 /Users/amirolahmad/Documents/Projects/Anti-Scammer/vendor/laravel/framework/src/Illuminate/Console/Command.php(96): Symfony\Component\Console\Command\Command->run(Object(Symfony\Component\Console\Input\ArgvInput), Object(Symfony\Component\Console\Output\ConsoleOutput))
#10 /Users/amirolahmad/Documents/Projects/Anti-Scammer/vendor/symfony/console/Symfony/Component/Console/Application.php(892): Illuminate\Console\Command->run(Object(Symfony\Component\Console\Input\ArgvInput), Object(Symfony\Component\Console\Output\ConsoleOutput))
#11 /Users/amirolahmad/Documents/Projects/Anti-Scammer/vendor/symfony/console/Symfony/Component/Console/Application.php(191): Symfony\Component\Console\Application->doRunCommand(Object(Illuminate\Database\Console\SeedCommand), Object(Symfony\Component\Console\Input\ArgvInput), Object(Symfony\Component\Console\Output\ConsoleOutput))
#12 /Users/amirolahmad/Documents/Projects/Anti-Scammer/vendor/symfony/console/Symfony/Component/Console/Application.php(121): Symfony\Component\Console\Application->doRun(Object(Symfony\Component\Console\Input\ArgvInput), Object(Symfony\Component\Console\Output\ConsoleOutput))
#13 /Users/amirolahmad/Documents/Projects/Anti-Scammer/artisan(59): Symfony\Component\Console\Application->run()
#14 {main} [] []
[2014-04-14 14:34:00] production.ERROR: exception 'ErrorException' with message 'Undefined variable: reports' in /Users/amirolahmad/Documents/Projects/Anti-Scammer/app/storage/views/8bc751e489b83ce60dcb285a0983c1b4:21
Stack trace:
#0 /Users/amirolahmad/Documents/Projects/Anti-Scammer/app/storage/views/8bc751e489b83ce60dcb285a0983c1b4(21): Illuminate\Exception\Handler->handleError(8, 'Undefined varia...', '/Users/amirolah...', 21, Array)
#1 /Users/amirolahmad/Documents/Projects/Anti-Scammer/vendor/laravel/framework/src/Illuminate/View/Engines/PhpEngine.php(37): include('/Users/amirolah...')
#2 /Users/amirolahmad/Documents/Projects/Anti-Scammer/vendor/laravel/framework/src/Illuminate/View/Engines/CompilerEngine.php(56): Illuminate\View\Engines\PhpEngine->evaluatePath('/Users/amirolah...', Array)
#3 /Users/amirolahmad/Documents/Projects/Anti-Scammer/vendor/laravel/framework/src/Illuminate/View/View.php(134): Illuminate\View\Engines\CompilerEngine->get('/Users/amirolah...', Array)
#4 /Users/amirolahmad/Documents/Projects/Anti-Scammer/vendor/laravel/framework/src/Illuminate/View/View.php(102): Illuminate\View\View->getContents()
#5 /Users/amirolahmad/Documents/Projects/Anti-Scammer/vendor/laravel/framework/src/Illuminate/View/View.php(76): Illuminate\View\View->renderContents()
#6 /Users/amirolahmad/Documents/Projects/Anti-Scammer/vendor/laravel/framework/src/Illuminate/Http/Response.php(70): Illuminate\View\View->render()
#7 /Users/amirolahmad/Documents/Projects/Anti-Scammer/vendor/symfony/http-foundation/Symfony/Component/HttpFoundation/Response.php(202): Illuminate\Http\Response->setContent(Object(Illuminate\View\View))
#8 /Users/amirolahmad/Documents/Projects/Anti-Scammer/vendor/laravel/framework/src/Illuminate/Routing/Router.php(1427): Symfony\Component\HttpFoundation\Response->__construct(Object(Illuminate\View\View))
#9 /Users/amirolahmad/Documents/Projects/Anti-Scammer/vendor/laravel/framework/src/Illuminate/Routing/Router.php(1003): Illuminate\Routing\Router->prepareResponse(Object(Illuminate\Http\Request), Object(Illuminate\View\View))
#10 /Users/amirolahmad/Documents/Projects/Anti-Scammer/vendor/laravel/framework/src/Illuminate/Routing/Router.php(968): Illuminate\Routing\Router->dispatchToRoute(Object(Illuminate\Http\Request))
#11 /Users/amirolahmad/Documents/Projects/Anti-Scammer/vendor/laravel/framework/src/Illuminate/Foundation/Application.php(738): Illuminate\Routing\Router->dispatch(Object(Illuminate\Http\Request))
#12 /Users/amirolahmad/Documents/Projects/Anti-Scammer/vendor/laravel/framework/src/Illuminate/Foundation/Application.php(708): Illuminate\Foundation\Application->dispatch(Object(Illuminate\Http\Request))
#13 /Users/amirolahmad/Documents/Projects/Anti-Scammer/vendor/laravel/framework/src/Illuminate/Http/FrameGuard.php(38): Illuminate\Foundation\Application->handle(Object(Illuminate\Http\Request), 1, true)
#14 /Users/amirolahmad/Documents/Projects/Anti-Scammer/vendor/laravel/framework/src/Illuminate/Session/Middleware.php(72): Illuminate\Http\FrameGuard->handle(Object(Illuminate\Http\Request), 1, true)
#15 /Users/amirolahmad/Documents/Projects/Anti-Scammer/vendor/laravel/framework/src/Illuminate/Cookie/Queue.php(47): Illuminate\Session\Middleware->handle(Object(Illuminate\Http\Request), 1, true)
#16 /Users/amirolahmad/Documents/Projects/Anti-Scammer/vendor/laravel/framework/src/Illuminate/Cookie/Guard.php(51): Illuminate\Cookie\Queue->handle(Object(Illuminate\Http\Request), 1, true)
#17 /Users/amirolahmad/Documents/Projects/Anti-Scammer/vendor/stack/builder/src/Stack/StackedHttpKernel.php(23): Illuminate\Cookie\Guard->handle(Object(Illuminate\Http\Request), 1, true)
#18 /Users/amirolahmad/Documents/Projects/Anti-Scammer/vendor/laravel/framework/src/Illuminate/Foundation/Application.php(606): Stack\StackedHttpKernel->handle(Object(Illuminate\Http\Request))
#19 /Users/amirolahmad/Documents/Projects/Anti-Scammer/public/index.php(49): Illuminate\Foundation\Application->run()
#20 /Users/amirolahmad/Documents/Projects/Anti-Scammer/server.php(19): require_once('/Users/amirolah...')
#21 {main}

Next exception 'ErrorException' with message 'Undefined variable: reports (View: /Users/amirolahmad/Documents/Projects/Anti-Scammer/app/views/home.blade.php)' in /Users/amirolahmad/Documents/Projects/Anti-Scammer/app/storage/views/8bc751e489b83ce60dcb285a0983c1b4:21
Stack trace:
#0 /Users/amirolahmad/Documents/Projects/Anti-Scammer/vendor/laravel/framework/src/Illuminate/View/Engines/PhpEngine.php(41): Illuminate\View\Engines\CompilerEngine->handleViewException(Object(ErrorException))
#1 /Users/amirolahmad/Documents/Projects/Anti-Scammer/vendor/laravel/framework/src/Illuminate/View/Engines/CompilerEngine.php(56): Illuminate\View\Engines\PhpEngine->evaluatePath('/Users/amirolah...', Array)
#2 /Users/amirolahmad/Documents/Projects/Anti-Scammer/vendor/laravel/framework/src/Illuminate/View/View.php(134): Illuminate\View\Engines\CompilerEngine->get('/Users/amirolah...', Array)
#3 /Users/amirolahmad/Documents/Projects/Anti-Scammer/vendor/laravel/framework/src/Illuminate/View/View.php(102): Illuminate\View\View->getContents()
#4 /Users/amirolahmad/Documents/Projects/Anti-Scammer/vendor/laravel/framework/src/Illuminate/View/View.php(76): Illuminate\View\View->renderContents()
#5 /Users/amirolahmad/Documents/Projects/Anti-Scammer/vendor/laravel/framework/src/Illuminate/Http/Response.php(70): Illuminate\View\View->render()
#6 /Users/amirolahmad/Documents/Projects/Anti-Scammer/vendor/symfony/http-foundation/Symfony/Component/HttpFoundation/Response.php(202): Illuminate\Http\Response->setContent(Object(Illuminate\View\View))
#7 /Users/amirolahmad/Documents/Projects/Anti-Scammer/vendor/laravel/framework/src/Illuminate/Routing/Router.php(1427): Symfony\Component\HttpFoundation\Response->__construct(Object(Illuminate\View\View))
#8 /Users/amirolahmad/Documents/Projects/Anti-Scammer/vendor/laravel/framework/src/Illuminate/Routing/Router.php(1003): Illuminate\Routing\Router->prepareResponse(Object(Illuminate\Http\Request), Object(Illuminate\View\View))
#9 /Users/amirolahmad/Documents/Projects/Anti-Scammer/vendor/laravel/framework/src/Illuminate/Routing/Router.php(968): Illuminate\Routing\Router->dispatchToRoute(Object(Illuminate\Http\Request))
#10 /Users/amirolahmad/Documents/Projects/Anti-Scammer/vendor/laravel/framework/src/Illuminate/Foundation/Application.php(738): Illuminate\Routing\Router->dispatch(Object(Illuminate\Http\Request))
#11 /Users/amirolahmad/Documents/Projects/Anti-Scammer/vendor/laravel/framework/src/Illuminate/Foundation/Application.php(708): Illuminate\Foundation\Application->dispatch(Object(Illuminate\Http\Request))
#12 /Users/amirolahmad/Documents/Projects/Anti-Scammer/vendor/laravel/framework/src/Illuminate/Http/FrameGuard.php(38): Illuminate\Foundation\Application->handle(Object(Illuminate\Http\Request), 1, true)
#13 /Users/amirolahmad/Documents/Projects/Anti-Scammer/vendor/laravel/framework/src/Illuminate/Session/Middleware.php(72): Illuminate\Http\FrameGuard->handle(Object(Illuminate\Http\Request), 1, true)
#14 /Users/amirolahmad/Documents/Projects/Anti-Scammer/vendor/laravel/framework/src/Illuminate/Cookie/Queue.php(47): Illuminate\Session\Middleware->handle(Object(Illuminate\Http\Request), 1, true)
#15 /Users/amirolahmad/Documents/Projects/Anti-Scammer/vendor/laravel/framework/src/Illuminate/Cookie/Guard.php(51): Illuminate\Cookie\Queue->handle(Object(Illuminate\Http\Request), 1, true)
#16 /Users/amirolahmad/Documents/Projects/Anti-Scammer/vendor/stack/builder/src/Stack/StackedHttpKernel.php(23): Illuminate\Cookie\Guard->handle(Object(Illuminate\Http\Request), 1, true)
#17 /Users/amirolahmad/Documents/Projects/Anti-Scammer/vendor/laravel/framework/src/Illuminate/Foundation/Application.php(606): Stack\StackedHttpKernel->handle(Object(Illuminate\Http\Request))
#18 /Users/amirolahmad/Documents/Projects/Anti-Scammer/public/index.php(49): Illuminate\Foundation\Application->run()
#19 /Users/amirolahmad/Documents/Projects/Anti-Scammer/server.php(19): require_once('/Users/amirolah...')
#20 {main} [] []
[2014-04-14 14:34:51] production.ERROR: exception 'ErrorException' with message 'Undefined variable: reports' in /Users/amirolahmad/Documents/Projects/Anti-Scammer/app/storage/views/8bc751e489b83ce60dcb285a0983c1b4:21
Stack trace:
#0 /Users/amirolahmad/Documents/Projects/Anti-Scammer/app/storage/views/8bc751e489b83ce60dcb285a0983c1b4(21): Illuminate\Exception\Handler->handleError(8, 'Undefined varia...', '/Users/amirolah...', 21, Array)
#1 /Users/amirolahmad/Documents/Projects/Anti-Scammer/vendor/laravel/framework/src/Illuminate/View/Engines/PhpEngine.php(37): include('/Users/amirolah...')
#2 /Users/amirolahmad/Documents/Projects/Anti-Scammer/vendor/laravel/framework/src/Illuminate/View/Engines/CompilerEngine.php(56): Illuminate\View\Engines\PhpEngine->evaluatePath('/Users/amirolah...', Array)
#3 /Users/amirolahmad/Documents/Projects/Anti-Scammer/vendor/laravel/framework/src/Illuminate/View/View.php(134): Illuminate\View\Engines\CompilerEngine->get('/Users/amirolah...', Array)
#4 /Users/amirolahmad/Documents/Projects/Anti-Scammer/vendor/laravel/framework/src/Illuminate/View/View.php(102): Illuminate\View\View->getContents()
#5 /Users/amirolahmad/Documents/Projects/Anti-Scammer/vendor/laravel/framework/src/Illuminate/View/View.php(76): Illuminate\View\View->renderContents()
#6 /Users/amirolahmad/Documents/Projects/Anti-Scammer/vendor/laravel/framework/src/Illuminate/Http/Response.php(70): Illuminate\View\View->render()
#7 /Users/amirolahmad/Documents/Projects/Anti-Scammer/vendor/symfony/http-foundation/Symfony/Component/HttpFoundation/Response.php(202): Illuminate\Http\Response->setContent(Object(Illuminate\View\View))
#8 /Users/amirolahmad/Documents/Projects/Anti-Scammer/vendor/laravel/framework/src/Illuminate/Routing/Router.php(1427): Symfony\Component\HttpFoundation\Response->__construct(Object(Illuminate\View\View))
#9 /Users/amirolahmad/Documents/Projects/Anti-Scammer/vendor/laravel/framework/src/Illuminate/Routing/Router.php(1003): Illuminate\Routing\Router->prepareResponse(Object(Illuminate\Http\Request), Object(Illuminate\View\View))
#10 /Users/amirolahmad/Documents/Projects/Anti-Scammer/vendor/laravel/framework/src/Illuminate/Routing/Router.php(968): Illuminate\Routing\Router->dispatchToRoute(Object(Illuminate\Http\Request))
#11 /Users/amirolahmad/Documents/Projects/Anti-Scammer/vendor/laravel/framework/src/Illuminate/Foundation/Application.php(738): Illuminate\Routing\Router->dispatch(Object(Illuminate\Http\Request))
#12 /Users/amirolahmad/Documents/Projects/Anti-Scammer/vendor/laravel/framework/src/Illuminate/Foundation/Application.php(708): Illuminate\Foundation\Application->dispatch(Object(Illuminate\Http\Request))
#13 /Users/amirolahmad/Documents/Projects/Anti-Scammer/vendor/laravel/framework/src/Illuminate/Http/FrameGuard.php(38): Illuminate\Foundation\Application->handle(Object(Illuminate\Http\Request), 1, true)
#14 /Users/amirolahmad/Documents/Projects/Anti-Scammer/vendor/laravel/framework/src/Illuminate/Session/Middleware.php(72): Illuminate\Http\FrameGuard->handle(Object(Illuminate\Http\Request), 1, true)
#15 /Users/amirolahmad/Documents/Projects/Anti-Scammer/vendor/laravel/framework/src/Illuminate/Cookie/Queue.php(47): Illuminate\Session\Middleware->handle(Object(Illuminate\Http\Request), 1, true)
#16 /Users/amirolahmad/Documents/Projects/Anti-Scammer/vendor/laravel/framework/src/Illuminate/Cookie/Guard.php(51): Illuminate\Cookie\Queue->handle(Object(Illuminate\Http\Request), 1, true)
#17 /Users/amirolahmad/Documents/Projects/Anti-Scammer/vendor/stack/builder/src/Stack/StackedHttpKernel.php(23): Illuminate\Cookie\Guard->handle(Object(Illuminate\Http\Request), 1, true)
#18 /Users/amirolahmad/Documents/Projects/Anti-Scammer/vendor/laravel/framework/src/Illuminate/Foundation/Application.php(606): Stack\StackedHttpKernel->handle(Object(Illuminate\Http\Request))
#19 /Users/amirolahmad/Documents/Projects/Anti-Scammer/public/index.php(49): Illuminate\Foundation\Application->run()
#20 /Users/amirolahmad/Documents/Projects/Anti-Scammer/server.php(19): require_once('/Users/amirolah...')
#21 {main}

Next exception 'ErrorException' with message 'Undefined variable: reports (View: /Users/amirolahmad/Documents/Projects/Anti-Scammer/app/views/home.blade.php)' in /Users/amirolahmad/Documents/Projects/Anti-Scammer/app/storage/views/8bc751e489b83ce60dcb285a0983c1b4:21
Stack trace:
#0 /Users/amirolahmad/Documents/Projects/Anti-Scammer/vendor/laravel/framework/src/Illuminate/View/Engines/PhpEngine.php(41): Illuminate\View\Engines\CompilerEngine->handleViewException(Object(ErrorException))
#1 /Users/amirolahmad/Documents/Projects/Anti-Scammer/vendor/laravel/framework/src/Illuminate/View/Engines/CompilerEngine.php(56): Illuminate\View\Engines\PhpEngine->evaluatePath('/Users/amirolah...', Array)
#2 /Users/amirolahmad/Documents/Projects/Anti-Scammer/vendor/laravel/framework/src/Illuminate/View/View.php(134): Illuminate\View\Engines\CompilerEngine->get('/Users/amirolah...', Array)
#3 /Users/amirolahmad/Documents/Projects/Anti-Scammer/vendor/laravel/framework/src/Illuminate/View/View.php(102): Illuminate\View\View->getContents()
#4 /Users/amirolahmad/Documents/Projects/Anti-Scammer/vendor/laravel/framework/src/Illuminate/View/View.php(76): Illuminate\View\View->renderContents()
#5 /Users/amirolahmad/Documents/Projects/Anti-Scammer/vendor/laravel/framework/src/Illuminate/Http/Response.php(70): Illuminate\View\View->render()
#6 /Users/amirolahmad/Documents/Projects/Anti-Scammer/vendor/symfony/http-foundation/Symfony/Component/HttpFoundation/Response.php(202): Illuminate\Http\Response->setContent(Object(Illuminate\View\View))
#7 /Users/amirolahmad/Documents/Projects/Anti-Scammer/vendor/laravel/framework/src/Illuminate/Routing/Router.php(1427): Symfony\Component\HttpFoundation\Response->__construct(Object(Illuminate\View\View))
#8 /Users/amirolahmad/Documents/Projects/Anti-Scammer/vendor/laravel/framework/src/Illuminate/Routing/Router.php(1003): Illuminate\Routing\Router->prepareResponse(Object(Illuminate\Http\Request), Object(Illuminate\View\View))
#9 /Users/amirolahmad/Documents/Projects/Anti-Scammer/vendor/laravel/framework/src/Illuminate/Routing/Router.php(968): Illuminate\Routing\Router->dispatchToRoute(Object(Illuminate\Http\Request))
#10 /Users/amirolahmad/Documents/Projects/Anti-Scammer/vendor/laravel/framework/src/Illuminate/Foundation/Application.php(738): Illuminate\Routing\Router->dispatch(Object(Illuminate\Http\Request))
#11 /Users/amirolahmad/Documents/Projects/Anti-Scammer/vendor/laravel/framework/src/Illuminate/Foundation/Application.php(708): Illuminate\Foundation\Application->dispatch(Object(Illuminate\Http\Request))
#12 /Users/amirolahmad/Documents/Projects/Anti-Scammer/vendor/laravel/framework/src/Illuminate/Http/FrameGuard.php(38): Illuminate\Foundation\Application->handle(Object(Illuminate\Http\Request), 1, true)
#13 /Users/amirolahmad/Documents/Projects/Anti-Scammer/vendor/laravel/framework/src/Illuminate/Session/Middleware.php(72): Illuminate\Http\FrameGuard->handle(Object(Illuminate\Http\Request), 1, true)
#14 /Users/amirolahmad/Documents/Projects/Anti-Scammer/vendor/laravel/framework/src/Illuminate/Cookie/Queue.php(47): Illuminate\Session\Middleware->handle(Object(Illuminate\Http\Request), 1, true)
#15 /Users/amirolahmad/Documents/Projects/Anti-Scammer/vendor/laravel/framework/src/Illuminate/Cookie/Guard.php(51): Illuminate\Cookie\Queue->handle(Object(Illuminate\Http\Request), 1, true)
#16 /Users/amirolahmad/Documents/Projects/Anti-Scammer/vendor/stack/builder/src/Stack/StackedHttpKernel.php(23): Illuminate\Cookie\Guard->handle(Object(Illuminate\Http\Request), 1, true)
#17 /Users/amirolahmad/Documents/Projects/Anti-Scammer/vendor/laravel/framework/src/Illuminate/Foundation/Application.php(606): Stack\StackedHttpKernel->handle(Object(Illuminate\Http\Request))
#18 /Users/amirolahmad/Documents/Projects/Anti-Scammer/public/index.php(49): Illuminate\Foundation\Application->run()
#19 /Users/amirolahmad/Documents/Projects/Anti-Scammer/server.php(19): require_once('/Users/amirolah...')
#20 {main} [] []
[2014-04-14 14:35:49] production.ERROR: exception 'ErrorException' with message 'Undefined variable: reports' in /Users/amirolahmad/Documents/Projects/Anti-Scammer/app/storage/views/8bc751e489b83ce60dcb285a0983c1b4:21
Stack trace:
#0 /Users/amirolahmad/Documents/Projects/Anti-Scammer/app/storage/views/8bc751e489b83ce60dcb285a0983c1b4(21): Illuminate\Exception\Handler->handleError(8, 'Undefined varia...', '/Users/amirolah...', 21, Array)
#1 /Users/amirolahmad/Documents/Projects/Anti-Scammer/vendor/laravel/framework/src/Illuminate/View/Engines/PhpEngine.php(37): include('/Users/amirolah...')
#2 /Users/amirolahmad/Documents/Projects/Anti-Scammer/vendor/laravel/framework/src/Illuminate/View/Engines/CompilerEngine.php(56): Illuminate\View\Engines\PhpEngine->evaluatePath('/Users/amirolah...', Array)
#3 /Users/amirolahmad/Documents/Projects/Anti-Scammer/vendor/laravel/framework/src/Illuminate/View/View.php(134): Illuminate\View\Engines\CompilerEngine->get('/Users/amirolah...', Array)
#4 /Users/amirolahmad/Documents/Projects/Anti-Scammer/vendor/laravel/framework/src/Illuminate/View/View.php(102): Illuminate\View\View->getContents()
#5 /Users/amirolahmad/Documents/Projects/Anti-Scammer/vendor/laravel/framework/src/Illuminate/View/View.php(76): Illuminate\View\View->renderContents()
#6 /Users/amirolahmad/Documents/Projects/Anti-Scammer/vendor/laravel/framework/src/Illuminate/Http/Response.php(70): Illuminate\View\View->render()
#7 /Users/amirolahmad/Documents/Projects/Anti-Scammer/vendor/symfony/http-foundation/Symfony/Component/HttpFoundation/Response.php(202): Illuminate\Http\Response->setContent(Object(Illuminate\View\View))
#8 /Users/amirolahmad/Documents/Projects/Anti-Scammer/vendor/laravel/framework/src/Illuminate/Routing/Router.php(1427): Symfony\Component\HttpFoundation\Response->__construct(Object(Illuminate\View\View))
#9 /Users/amirolahmad/Documents/Projects/Anti-Scammer/vendor/laravel/framework/src/Illuminate/Routing/Router.php(1003): Illuminate\Routing\Router->prepareResponse(Object(Illuminate\Http\Request), Object(Illuminate\View\View))
#10 /Users/amirolahmad/Documents/Projects/Anti-Scammer/vendor/laravel/framework/src/Illuminate/Routing/Router.php(968): Illuminate\Routing\Router->dispatchToRoute(Object(Illuminate\Http\Request))
#11 /Users/amirolahmad/Documents/Projects/Anti-Scammer/vendor/laravel/framework/src/Illuminate/Foundation/Application.php(738): Illuminate\Routing\Router->dispatch(Object(Illuminate\Http\Request))
#12 /Users/amirolahmad/Documents/Projects/Anti-Scammer/vendor/laravel/framework/src/Illuminate/Foundation/Application.php(708): Illuminate\Foundation\Application->dispatch(Object(Illuminate\Http\Request))
#13 /Users/amirolahmad/Documents/Projects/Anti-Scammer/vendor/laravel/framework/src/Illuminate/Http/FrameGuard.php(38): Illuminate\Foundation\Application->handle(Object(Illuminate\Http\Request), 1, true)
#14 /Users/amirolahmad/Documents/Projects/Anti-Scammer/vendor/laravel/framework/src/Illuminate/Session/Middleware.php(72): Illuminate\Http\FrameGuard->handle(Object(Illuminate\Http\Request), 1, true)
#15 /Users/amirolahmad/Documents/Projects/Anti-Scammer/vendor/laravel/framework/src/Illuminate/Cookie/Queue.php(47): Illuminate\Session\Middleware->handle(Object(Illuminate\Http\Request), 1, true)
#16 /Users/amirolahmad/Documents/Projects/Anti-Scammer/vendor/laravel/framework/src/Illuminate/Cookie/Guard.php(51): Illuminate\Cookie\Queue->handle(Object(Illuminate\Http\Request), 1, true)
#17 /Users/amirolahmad/Documents/Projects/Anti-Scammer/vendor/stack/builder/src/Stack/StackedHttpKernel.php(23): Illuminate\Cookie\Guard->handle(Object(Illuminate\Http\Request), 1, true)
#18 /Users/amirolahmad/Documents/Projects/Anti-Scammer/vendor/laravel/framework/src/Illuminate/Foundation/Application.php(606): Stack\StackedHttpKernel->handle(Object(Illuminate\Http\Request))
#19 /Users/amirolahmad/Documents/Projects/Anti-Scammer/public/index.php(49): Illuminate\Foundation\Application->run()
#20 /Users/amirolahmad/Documents/Projects/Anti-Scammer/server.php(19): require_once('/Users/amirolah...')
#21 {main}

Next exception 'ErrorException' with message 'Undefined variable: reports (View: /Users/amirolahmad/Documents/Projects/Anti-Scammer/app/views/home.blade.php)' in /Users/amirolahmad/Documents/Projects/Anti-Scammer/app/storage/views/8bc751e489b83ce60dcb285a0983c1b4:21
Stack trace:
#0 /Users/amirolahmad/Documents/Projects/Anti-Scammer/vendor/laravel/framework/src/Illuminate/View/Engines/PhpEngine.php(41): Illuminate\View\Engines\CompilerEngine->handleViewException(Object(ErrorException))
#1 /Users/amirolahmad/Documents/Projects/Anti-Scammer/vendor/laravel/framework/src/Illuminate/View/Engines/CompilerEngine.php(56): Illuminate\View\Engines\PhpEngine->evaluatePath('/Users/amirolah...', Array)
#2 /Users/amirolahmad/Documents/Projects/Anti-Scammer/vendor/laravel/framework/src/Illuminate/View/View.php(134): Illuminate\View\Engines\CompilerEngine->get('/Users/amirolah...', Array)
#3 /Users/amirolahmad/Documents/Projects/Anti-Scammer/vendor/laravel/framework/src/Illuminate/View/View.php(102): Illuminate\View\View->getContents()
#4 /Users/amirolahmad/Documents/Projects/Anti-Scammer/vendor/laravel/framework/src/Illuminate/View/View.php(76): Illuminate\View\View->renderContents()
#5 /Users/amirolahmad/Documents/Projects/Anti-Scammer/vendor/laravel/framework/src/Illuminate/Http/Response.php(70): Illuminate\View\View->render()
#6 /Users/amirolahmad/Documents/Projects/Anti-Scammer/vendor/symfony/http-foundation/Symfony/Component/HttpFoundation/Response.php(202): Illuminate\Http\Response->setContent(Object(Illuminate\View\View))
#7 /Users/amirolahmad/Documents/Projects/Anti-Scammer/vendor/laravel/framework/src/Illuminate/Routing/Router.php(1427): Symfony\Component\HttpFoundation\Response->__construct(Object(Illuminate\View\View))
#8 /Users/amirolahmad/Documents/Projects/Anti-Scammer/vendor/laravel/framework/src/Illuminate/Routing/Router.php(1003): Illuminate\Routing\Router->prepareResponse(Object(Illuminate\Http\Request), Object(Illuminate\View\View))
#9 /Users/amirolahmad/Documents/Projects/Anti-Scammer/vendor/laravel/framework/src/Illuminate/Routing/Router.php(968): Illuminate\Routing\Router->dispatchToRoute(Object(Illuminate\Http\Request))
#10 /Users/amirolahmad/Documents/Projects/Anti-Scammer/vendor/laravel/framework/src/Illuminate/Foundation/Application.php(738): Illuminate\Routing\Router->dispatch(Object(Illuminate\Http\Request))
#11 /Users/amirolahmad/Documents/Projects/Anti-Scammer/vendor/laravel/framework/src/Illuminate/Foundation/Application.php(708): Illuminate\Foundation\Application->dispatch(Object(Illuminate\Http\Request))
#12 /Users/amirolahmad/Documents/Projects/Anti-Scammer/vendor/laravel/framework/src/Illuminate/Http/FrameGuard.php(38): Illuminate\Foundation\Application->handle(Object(Illuminate\Http\Request), 1, true)
#13 /Users/amirolahmad/Documents/Projects/Anti-Scammer/vendor/laravel/framework/src/Illuminate/Session/Middleware.php(72): Illuminate\Http\FrameGuard->handle(Object(Illuminate\Http\Request), 1, true)
#14 /Users/amirolahmad/Documents/Projects/Anti-Scammer/vendor/laravel/framework/src/Illuminate/Cookie/Queue.php(47): Illuminate\Session\Middleware->handle(Object(Illuminate\Http\Request), 1, true)
#15 /Users/amirolahmad/Documents/Projects/Anti-Scammer/vendor/laravel/framework/src/Illuminate/Cookie/Guard.php(51): Illuminate\Cookie\Queue->handle(Object(Illuminate\Http\Request), 1, true)
#16 /Users/amirolahmad/Documents/Projects/Anti-Scammer/vendor/stack/builder/src/Stack/StackedHttpKernel.php(23): Illuminate\Cookie\Guard->handle(Object(Illuminate\Http\Request), 1, true)
#17 /Users/amirolahmad/Documents/Projects/Anti-Scammer/vendor/laravel/framework/src/Illuminate/Foundation/Application.php(606): Stack\StackedHttpKernel->handle(Object(Illuminate\Http\Request))
#18 /Users/amirolahmad/Documents/Projects/Anti-Scammer/public/index.php(49): Illuminate\Foundation\Application->run()
#19 /Users/amirolahmad/Documents/Projects/Anti-Scammer/server.php(19): require_once('/Users/amirolah...')
#20 {main} [] []
[2014-04-14 14:37:28] production.ERROR: exception 'ErrorException' with message 'Undefined variable: reports' in /Users/amirolahmad/Documents/Projects/Anti-Scammer/app/storage/views/8bc751e489b83ce60dcb285a0983c1b4:21
Stack trace:
#0 /Users/amirolahmad/Documents/Projects/Anti-Scammer/app/storage/views/8bc751e489b83ce60dcb285a0983c1b4(21): Illuminate\Exception\Handler->handleError(8, 'Undefined varia...', '/Users/amirolah...', 21, Array)
#1 /Users/amirolahmad/Documents/Projects/Anti-Scammer/vendor/laravel/framework/src/Illuminate/View/Engines/PhpEngine.php(37): include('/Users/amirolah...')
#2 /Users/amirolahmad/Documents/Projects/Anti-Scammer/vendor/laravel/framework/src/Illuminate/View/Engines/CompilerEngine.php(56): Illuminate\View\Engines\PhpEngine->evaluatePath('/Users/amirolah...', Array)
#3 /Users/amirolahmad/Documents/Projects/Anti-Scammer/vendor/laravel/framework/src/Illuminate/View/View.php(134): Illuminate\View\Engines\CompilerEngine->get('/Users/amirolah...', Array)
#4 /Users/amirolahmad/Documents/Projects/Anti-Scammer/vendor/laravel/framework/src/Illuminate/View/View.php(102): Illuminate\View\View->getContents()
#5 /Users/amirolahmad/Documents/Projects/Anti-Scammer/vendor/laravel/framework/src/Illuminate/View/View.php(76): Illuminate\View\View->renderContents()
#6 /Users/amirolahmad/Documents/Projects/Anti-Scammer/vendor/laravel/framework/src/Illuminate/Http/Response.php(70): Illuminate\View\View->render()
#7 /Users/amirolahmad/Documents/Projects/Anti-Scammer/vendor/symfony/http-foundation/Symfony/Component/HttpFoundation/Response.php(202): Illuminate\Http\Response->setContent(Object(Illuminate\View\View))
#8 /Users/amirolahmad/Documents/Projects/Anti-Scammer/vendor/laravel/framework/src/Illuminate/Routing/Router.php(1427): Symfony\Component\HttpFoundation\Response->__construct(Object(Illuminate\View\View))
#9 /Users/amirolahmad/Documents/Projects/Anti-Scammer/vendor/laravel/framework/src/Illuminate/Routing/Router.php(1003): Illuminate\Routing\Router->prepareResponse(Object(Illuminate\Http\Request), Object(Illuminate\View\View))
#10 /Users/amirolahmad/Documents/Projects/Anti-Scammer/vendor/laravel/framework/src/Illuminate/Routing/Router.php(968): Illuminate\Routing\Router->dispatchToRoute(Object(Illuminate\Http\Request))
#11 /Users/amirolahmad/Documents/Projects/Anti-Scammer/vendor/laravel/framework/src/Illuminate/Foundation/Application.php(738): Illuminate\Routing\Router->dispatch(Object(Illuminate\Http\Request))
#12 /Users/amirolahmad/Documents/Projects/Anti-Scammer/vendor/laravel/framework/src/Illuminate/Foundation/Application.php(708): Illuminate\Foundation\Application->dispatch(Object(Illuminate\Http\Request))
#13 /Users/amirolahmad/Documents/Projects/Anti-Scammer/vendor/laravel/framework/src/Illuminate/Http/FrameGuard.php(38): Illuminate\Foundation\Application->handle(Object(Illuminate\Http\Request), 1, true)
#14 /Users/amirolahmad/Documents/Projects/Anti-Scammer/vendor/laravel/framework/src/Illuminate/Session/Middleware.php(72): Illuminate\Http\FrameGuard->handle(Object(Illuminate\Http\Request), 1, true)
#15 /Users/amirolahmad/Documents/Projects/Anti-Scammer/vendor/laravel/framework/src/Illuminate/Cookie/Queue.php(47): Illuminate\Session\Middleware->handle(Object(Illuminate\Http\Request), 1, true)
#16 /Users/amirolahmad/Documents/Projects/Anti-Scammer/vendor/laravel/framework/src/Illuminate/Cookie/Guard.php(51): Illuminate\Cookie\Queue->handle(Object(Illuminate\Http\Request), 1, true)
#17 /Users/amirolahmad/Documents/Projects/Anti-Scammer/vendor/stack/builder/src/Stack/StackedHttpKernel.php(23): Illuminate\Cookie\Guard->handle(Object(Illuminate\Http\Request), 1, true)
#18 /Users/amirolahmad/Documents/Projects/Anti-Scammer/vendor/laravel/framework/src/Illuminate/Foundation/Application.php(606): Stack\StackedHttpKernel->handle(Object(Illuminate\Http\Request))
#19 /Users/amirolahmad/Documents/Projects/Anti-Scammer/public/index.php(49): Illuminate\Foundation\Application->run()
#20 /Users/amirolahmad/Documents/Projects/Anti-Scammer/server.php(19): require_once('/Users/amirolah...')
#21 {main}

Next exception 'ErrorException' with message 'Undefined variable: reports (View: /Users/amirolahmad/Documents/Projects/Anti-Scammer/app/views/home.blade.php)' in /Users/amirolahmad/Documents/Projects/Anti-Scammer/app/storage/views/8bc751e489b83ce60dcb285a0983c1b4:21
Stack trace:
#0 /Users/amirolahmad/Documents/Projects/Anti-Scammer/vendor/laravel/framework/src/Illuminate/View/Engines/PhpEngine.php(41): Illuminate\View\Engines\CompilerEngine->handleViewException(Object(ErrorException))
#1 /Users/amirolahmad/Documents/Projects/Anti-Scammer/vendor/laravel/framework/src/Illuminate/View/Engines/CompilerEngine.php(56): Illuminate\View\Engines\PhpEngine->evaluatePath('/Users/amirolah...', Array)
#2 /Users/amirolahmad/Documents/Projects/Anti-Scammer/vendor/laravel/framework/src/Illuminate/View/View.php(134): Illuminate\View\Engines\CompilerEngine->get('/Users/amirolah...', Array)
#3 /Users/amirolahmad/Documents/Projects/Anti-Scammer/vendor/laravel/framework/src/Illuminate/View/View.php(102): Illuminate\View\View->getContents()
#4 /Users/amirolahmad/Documents/Projects/Anti-Scammer/vendor/laravel/framework/src/Illuminate/View/View.php(76): Illuminate\View\View->renderContents()
#5 /Users/amirolahmad/Documents/Projects/Anti-Scammer/vendor/laravel/framework/src/Illuminate/Http/Response.php(70): Illuminate\View\View->render()
#6 /Users/amirolahmad/Documents/Projects/Anti-Scammer/vendor/symfony/http-foundation/Symfony/Component/HttpFoundation/Response.php(202): Illuminate\Http\Response->setContent(Object(Illuminate\View\View))
#7 /Users/amirolahmad/Documents/Projects/Anti-Scammer/vendor/laravel/framework/src/Illuminate/Routing/Router.php(1427): Symfony\Component\HttpFoundation\Response->__construct(Object(Illuminate\View\View))
#8 /Users/amirolahmad/Documents/Projects/Anti-Scammer/vendor/laravel/framework/src/Illuminate/Routing/Router.php(1003): Illuminate\Routing\Router->prepareResponse(Object(Illuminate\Http\Request), Object(Illuminate\View\View))
#9 /Users/amirolahmad/Documents/Projects/Anti-Scammer/vendor/laravel/framework/src/Illuminate/Routing/Router.php(968): Illuminate\Routing\Router->dispatchToRoute(Object(Illuminate\Http\Request))
#10 /Users/amirolahmad/Documents/Projects/Anti-Scammer/vendor/laravel/framework/src/Illuminate/Foundation/Application.php(738): Illuminate\Routing\Router->dispatch(Object(Illuminate\Http\Request))
#11 /Users/amirolahmad/Documents/Projects/Anti-Scammer/vendor/laravel/framework/src/Illuminate/Foundation/Application.php(708): Illuminate\Foundation\Application->dispatch(Object(Illuminate\Http\Request))
#12 /Users/amirolahmad/Documents/Projects/Anti-Scammer/vendor/laravel/framework/src/Illuminate/Http/FrameGuard.php(38): Illuminate\Foundation\Application->handle(Object(Illuminate\Http\Request), 1, true)
#13 /Users/amirolahmad/Documents/Projects/Anti-Scammer/vendor/laravel/framework/src/Illuminate/Session/Middleware.php(72): Illuminate\Http\FrameGuard->handle(Object(Illuminate\Http\Request), 1, true)
#14 /Users/amirolahmad/Documents/Projects/Anti-Scammer/vendor/laravel/framework/src/Illuminate/Cookie/Queue.php(47): Illuminate\Session\Middleware->handle(Object(Illuminate\Http\Request), 1, true)
#15 /Users/amirolahmad/Documents/Projects/Anti-Scammer/vendor/laravel/framework/src/Illuminate/Cookie/Guard.php(51): Illuminate\Cookie\Queue->handle(Object(Illuminate\Http\Request), 1, true)
#16 /Users/amirolahmad/Documents/Projects/Anti-Scammer/vendor/stack/builder/src/Stack/StackedHttpKernel.php(23): Illuminate\Cookie\Guard->handle(Object(Illuminate\Http\Request), 1, true)
#17 /Users/amirolahmad/Documents/Projects/Anti-Scammer/vendor/laravel/framework/src/Illuminate/Foundation/Application.php(606): Stack\StackedHttpKernel->handle(Object(Illuminate\Http\Request))
#18 /Users/amirolahmad/Documents/Projects/Anti-Scammer/public/index.php(49): Illuminate\Foundation\Application->run()
#19 /Users/amirolahmad/Documents/Projects/Anti-Scammer/server.php(19): require_once('/Users/amirolah...')
#20 {main} [] []
[2014-04-14 14:39:04] production.ERROR: exception 'ErrorException' with message 'Undefined variable: reports' in /Users/amirolahmad/Documents/Projects/Anti-Scammer/app/storage/views/8bc751e489b83ce60dcb285a0983c1b4:21
Stack trace:
#0 /Users/amirolahmad/Documents/Projects/Anti-Scammer/app/storage/views/8bc751e489b83ce60dcb285a0983c1b4(21): Illuminate\Exception\Handler->handleError(8, 'Undefined varia...', '/Users/amirolah...', 21, Array)
#1 /Users/amirolahmad/Documents/Projects/Anti-Scammer/vendor/laravel/framework/src/Illuminate/View/Engines/PhpEngine.php(37): include('/Users/amirolah...')
#2 /Users/amirolahmad/Documents/Projects/Anti-Scammer/vendor/laravel/framework/src/Illuminate/View/Engines/CompilerEngine.php(56): Illuminate\View\Engines\PhpEngine->evaluatePath('/Users/amirolah...', Array)
#3 /Users/amirolahmad/Documents/Projects/Anti-Scammer/vendor/laravel/framework/src/Illuminate/View/View.php(134): Illuminate\View\Engines\CompilerEngine->get('/Users/amirolah...', Array)
#4 /Users/amirolahmad/Documents/Projects/Anti-Scammer/vendor/laravel/framework/src/Illuminate/View/View.php(102): Illuminate\View\View->getContents()
#5 /Users/amirolahmad/Documents/Projects/Anti-Scammer/vendor/laravel/framework/src/Illuminate/View/View.php(76): Illuminate\View\View->renderContents()
#6 /Users/amirolahmad/Documents/Projects/Anti-Scammer/vendor/laravel/framework/src/Illuminate/Http/Response.php(70): Illuminate\View\View->render()
#7 /Users/amirolahmad/Documents/Projects/Anti-Scammer/vendor/symfony/http-foundation/Symfony/Component/HttpFoundation/Response.php(202): Illuminate\Http\Response->setContent(Object(Illuminate\View\View))
#8 /Users/amirolahmad/Documents/Projects/Anti-Scammer/vendor/laravel/framework/src/Illuminate/Routing/Router.php(1427): Symfony\Component\HttpFoundation\Response->__construct(Object(Illuminate\View\View))
#9 /Users/amirolahmad/Documents/Projects/Anti-Scammer/vendor/laravel/framework/src/Illuminate/Routing/Router.php(1003): Illuminate\Routing\Router->prepareResponse(Object(Illuminate\Http\Request), Object(Illuminate\View\View))
#10 /Users/amirolahmad/Documents/Projects/Anti-Scammer/vendor/laravel/framework/src/Illuminate/Routing/Router.php(968): Illuminate\Routing\Router->dispatchToRoute(Object(Illuminate\Http\Request))
#11 /Users/amirolahmad/Documents/Projects/Anti-Scammer/vendor/laravel/framework/src/Illuminate/Foundation/Application.php(738): Illuminate\Routing\Router->dispatch(Object(Illuminate\Http\Request))
#12 /Users/amirolahmad/Documents/Projects/Anti-Scammer/vendor/laravel/framework/src/Illuminate/Foundation/Application.php(708): Illuminate\Foundation\Application->dispatch(Object(Illuminate\Http\Request))
#13 /Users/amirolahmad/Documents/Projects/Anti-Scammer/vendor/laravel/framework/src/Illuminate/Http/FrameGuard.php(38): Illuminate\Foundation\Application->handle(Object(Illuminate\Http\Request), 1, true)
#14 /Users/amirolahmad/Documents/Projects/Anti-Scammer/vendor/laravel/framework/src/Illuminate/Session/Middleware.php(72): Illuminate\Http\FrameGuard->handle(Object(Illuminate\Http\Request), 1, true)
#15 /Users/amirolahmad/Documents/Projects/Anti-Scammer/vendor/laravel/framework/src/Illuminate/Cookie/Queue.php(47): Illuminate\Session\Middleware->handle(Object(Illuminate\Http\Request), 1, true)
#16 /Users/amirolahmad/Documents/Projects/Anti-Scammer/vendor/laravel/framework/src/Illuminate/Cookie/Guard.php(51): Illuminate\Cookie\Queue->handle(Object(Illuminate\Http\Request), 1, true)
#17 /Users/amirolahmad/Documents/Projects/Anti-Scammer/vendor/stack/builder/src/Stack/StackedHttpKernel.php(23): Illuminate\Cookie\Guard->handle(Object(Illuminate\Http\Request), 1, true)
#18 /Users/amirolahmad/Documents/Projects/Anti-Scammer/vendor/laravel/framework/src/Illuminate/Foundation/Application.php(606): Stack\StackedHttpKernel->handle(Object(Illuminate\Http\Request))
#19 /Users/amirolahmad/Documents/Projects/Anti-Scammer/public/index.php(49): Illuminate\Foundation\Application->run()
#20 /Users/amirolahmad/Documents/Projects/Anti-Scammer/server.php(19): require_once('/Users/amirolah...')
#21 {main}

Next exception 'ErrorException' with message 'Undefined variable: reports (View: /Users/amirolahmad/Documents/Projects/Anti-Scammer/app/views/home.blade.php)' in /Users/amirolahmad/Documents/Projects/Anti-Scammer/app/storage/views/8bc751e489b83ce60dcb285a0983c1b4:21
Stack trace:
#0 /Users/amirolahmad/Documents/Projects/Anti-Scammer/vendor/laravel/framework/src/Illuminate/View/Engines/PhpEngine.php(41): Illuminate\View\Engines\CompilerEngine->handleViewException(Object(ErrorException))
#1 /Users/amirolahmad/Documents/Projects/Anti-Scammer/vendor/laravel/framework/src/Illuminate/View/Engines/CompilerEngine.php(56): Illuminate\View\Engines\PhpEngine->evaluatePath('/Users/amirolah...', Array)
#2 /Users/amirolahmad/Documents/Projects/Anti-Scammer/vendor/laravel/framework/src/Illuminate/View/View.php(134): Illuminate\View\Engines\CompilerEngine->get('/Users/amirolah...', Array)
#3 /Users/amirolahmad/Documents/Projects/Anti-Scammer/vendor/laravel/framework/src/Illuminate/View/View.php(102): Illuminate\View\View->getContents()
#4 /Users/amirolahmad/Documents/Projects/Anti-Scammer/vendor/laravel/framework/src/Illuminate/View/View.php(76): Illuminate\View\View->renderContents()
#5 /Users/amirolahmad/Documents/Projects/Anti-Scammer/vendor/laravel/framework/src/Illuminate/Http/Response.php(70): Illuminate\View\View->render()
#6 /Users/amirolahmad/Documents/Projects/Anti-Scammer/vendor/symfony/http-foundation/Symfony/Component/HttpFoundation/Response.php(202): Illuminate\Http\Response->setContent(Object(Illuminate\View\View))
#7 /Users/amirolahmad/Documents/Projects/Anti-Scammer/vendor/laravel/framework/src/Illuminate/Routing/Router.php(1427): Symfony\Component\HttpFoundation\Response->__construct(Object(Illuminate\View\View))
#8 /Users/amirolahmad/Documents/Projects/Anti-Scammer/vendor/laravel/framework/src/Illuminate/Routing/Router.php(1003): Illuminate\Routing\Router->prepareResponse(Object(Illuminate\Http\Request), Object(Illuminate\View\View))
#9 /Users/amirolahmad/Documents/Projects/Anti-Scammer/vendor/laravel/framework/src/Illuminate/Routing/Router.php(968): Illuminate\Routing\Router->dispatchToRoute(Object(Illuminate\Http\Request))
#10 /Users/amirolahmad/Documents/Projects/Anti-Scammer/vendor/laravel/framework/src/Illuminate/Foundation/Application.php(738): Illuminate\Routing\Router->dispatch(Object(Illuminate\Http\Request))
#11 /Users/amirolahmad/Documents/Projects/Anti-Scammer/vendor/laravel/framework/src/Illuminate/Foundation/Application.php(708): Illuminate\Foundation\Application->dispatch(Object(Illuminate\Http\Request))
#12 /Users/amirolahmad/Documents/Projects/Anti-Scammer/vendor/laravel/framework/src/Illuminate/Http/FrameGuard.php(38): Illuminate\Foundation\Application->handle(Object(Illuminate\Http\Request), 1, true)
#13 /Users/amirolahmad/Documents/Projects/Anti-Scammer/vendor/laravel/framework/src/Illuminate/Session/Middleware.php(72): Illuminate\Http\FrameGuard->handle(Object(Illuminate\Http\Request), 1, true)
#14 /Users/amirolahmad/Documents/Projects/Anti-Scammer/vendor/laravel/framework/src/Illuminate/Cookie/Queue.php(47): Illuminate\Session\Middleware->handle(Object(Illuminate\Http\Request), 1, true)
#15 /Users/amirolahmad/Documents/Projects/Anti-Scammer/vendor/laravel/framework/src/Illuminate/Cookie/Guard.php(51): Illuminate\Cookie\Queue->handle(Object(Illuminate\Http\Request), 1, true)
#16 /Users/amirolahmad/Documents/Projects/Anti-Scammer/vendor/stack/builder/src/Stack/StackedHttpKernel.php(23): Illuminate\Cookie\Guard->handle(Object(Illuminate\Http\Request), 1, true)
#17 /Users/amirolahmad/Documents/Projects/Anti-Scammer/vendor/laravel/framework/src/Illuminate/Foundation/Application.php(606): Stack\StackedHttpKernel->handle(Object(Illuminate\Http\Request))
#18 /Users/amirolahmad/Documents/Projects/Anti-Scammer/public/index.php(49): Illuminate\Foundation\Application->run()
#19 /Users/amirolahmad/Documents/Projects/Anti-Scammer/server.php(19): require_once('/Users/amirolah...')
#20 {main} [] []
[2014-04-14 14:49:27] production.ERROR: exception 'Illuminate\Database\QueryException' with message 'SQLSTATE[42S22]: Column not found: 1054 Unknown column 'fullname' in 'field list' (SQL: insert into `users` (`email`, `fullname`, `name`, `password`) values (test@testmail.com, AmirolAhmad, AmirolAhmad, y$U1mH3MxSGD3tciQeehb0puMQKchCodOqq.3Jyi5WMJC1meU/0KHLC))' in /Users/amirolahmad/Documents/Projects/Anti-Scammer/vendor/laravel/framework/src/Illuminate/Database/Connection.php:539
Stack trace:
#0 /Users/amirolahmad/Documents/Projects/Anti-Scammer/vendor/laravel/framework/src/Illuminate/Database/Connection.php(338): Illuminate\Database\Connection->run('insert into `us...', Array, Object(Closure))
#1 /Users/amirolahmad/Documents/Projects/Anti-Scammer/vendor/laravel/framework/src/Illuminate/Database/Connection.php(295): Illuminate\Database\Connection->statement('insert into `us...', Array)
#2 /Users/amirolahmad/Documents/Projects/Anti-Scammer/vendor/laravel/framework/src/Illuminate/Database/Query/Builder.php(1706): Illuminate\Database\Connection->insert('insert into `us...', Array)
#3 /Users/amirolahmad/Documents/Projects/Anti-Scammer/app/database/seeds/UsersTableSeeder.php(16): Illuminate\Database\Query\Builder->insert(Array)
#4 /Users/amirolahmad/Documents/Projects/Anti-Scammer/vendor/laravel/framework/src/Illuminate/Database/Seeder.php(37): UsersTableSeeder->run()
#5 /Users/amirolahmad/Documents/Projects/Anti-Scammer/app/database/seeds/DatabaseSeeder.php(14): Illuminate\Database\Seeder->call('UsersTableSeede...')
#6 /Users/amirolahmad/Documents/Projects/Anti-Scammer/vendor/laravel/framework/src/Illuminate/Database/Console/SeedCommand.php(52): DatabaseSeeder->run()
#7 /Users/amirolahmad/Documents/Projects/Anti-Scammer/vendor/laravel/framework/src/Illuminate/Console/Command.php(108): Illuminate\Database\Console\SeedCommand->fire()
#8 /Users/amirolahmad/Documents/Projects/Anti-Scammer/vendor/symfony/console/Symfony/Component/Console/Command/Command.php(241): Illuminate\Console\Command->execute(Object(Symfony\Component\Console\Input\ArgvInput), Object(Symfony\Component\Console\Output\ConsoleOutput))
#9 /Users/amirolahmad/Documents/Projects/Anti-Scammer/vendor/laravel/framework/src/Illuminate/Console/Command.php(96): Symfony\Component\Console\Command\Command->run(Object(Symfony\Component\Console\Input\ArgvInput), Object(Symfony\Component\Console\Output\ConsoleOutput))
#10 /Users/amirolahmad/Documents/Projects/Anti-Scammer/vendor/symfony/console/Symfony/Component/Console/Application.php(892): Illuminate\Console\Command->run(Object(Symfony\Component\Console\Input\ArgvInput), Object(Symfony\Component\Console\Output\ConsoleOutput))
#11 /Users/amirolahmad/Documents/Projects/Anti-Scammer/vendor/symfony/console/Symfony/Component/Console/Application.php(191): Symfony\Component\Console\Application->doRunCommand(Object(Illuminate\Database\Console\SeedCommand), Object(Symfony\Component\Console\Input\ArgvInput), Object(Symfony\Component\Console\Output\ConsoleOutput))
#12 /Users/amirolahmad/Documents/Projects/Anti-Scammer/vendor/symfony/console/Symfony/Component/Console/Application.php(121): Symfony\Component\Console\Application->doRun(Object(Symfony\Component\Console\Input\ArgvInput), Object(Symfony\Component\Console\Output\ConsoleOutput))
#13 /Users/amirolahmad/Documents/Projects/Anti-Scammer/artisan(59): Symfony\Component\Console\Application->run()
#14 {main} [] []
[2014-04-14 15:18:06] production.ERROR: exception 'InvalidArgumentException' with message 'View [layouts.main] not found.' in /Users/amirolahmad/Documents/Projects/Anti-Scammer/vendor/laravel/framework/src/Illuminate/View/FileViewFinder.php:139
Stack trace:
#0 /Users/amirolahmad/Documents/Projects/Anti-Scammer/vendor/laravel/framework/src/Illuminate/View/FileViewFinder.php(76): Illuminate\View\FileViewFinder->findInPaths('layouts.main', Array)
#1 /Users/amirolahmad/Documents/Projects/Anti-Scammer/vendor/laravel/framework/src/Illuminate/View/Environment.php(115): Illuminate\View\FileViewFinder->find('layouts.main')
#2 /Users/amirolahmad/Documents/Projects/Anti-Scammer/app/storage/views/fa569672ed58a9ce31c21ee738da30ca(5): Illuminate\View\Environment->make('layouts.main', Array)
#3 /Users/amirolahmad/Documents/Projects/Anti-Scammer/vendor/laravel/framework/src/Illuminate/View/Engines/PhpEngine.php(37): include('/Users/amirolah...')
#4 /Users/amirolahmad/Documents/Projects/Anti-Scammer/vendor/laravel/framework/src/Illuminate/View/Engines/CompilerEngine.php(56): Illuminate\View\Engines\PhpEngine->evaluatePath('/Users/amirolah...', Array)
#5 /Users/amirolahmad/Documents/Projects/Anti-Scammer/vendor/laravel/framework/src/Illuminate/View/View.php(134): Illuminate\View\Engines\CompilerEngine->get('/Users/amirolah...', Array)
#6 /Users/amirolahmad/Documents/Projects/Anti-Scammer/vendor/laravel/framework/src/Illuminate/View/View.php(102): Illuminate\View\View->getContents()
#7 /Users/amirolahmad/Documents/Projects/Anti-Scammer/vendor/laravel/framework/src/Illuminate/View/View.php(76): Illuminate\View\View->renderContents()
#8 /Users/amirolahmad/Documents/Projects/Anti-Scammer/vendor/laravel/framework/src/Illuminate/Http/Response.php(70): Illuminate\View\View->render()
#9 /Users/amirolahmad/Documents/Projects/Anti-Scammer/vendor/symfony/http-foundation/Symfony/Component/HttpFoundation/Response.php(202): Illuminate\Http\Response->setContent(Object(Illuminate\View\View))
#10 /Users/amirolahmad/Documents/Projects/Anti-Scammer/vendor/laravel/framework/src/Illuminate/Routing/Router.php(1427): Symfony\Component\HttpFoundation\Response->__construct(Object(Illuminate\View\View))
#11 /Users/amirolahmad/Documents/Projects/Anti-Scammer/vendor/laravel/framework/src/Illuminate/Routing/Router.php(1003): Illuminate\Routing\Router->prepareResponse(Object(Illuminate\Http\Request), Object(Illuminate\View\View))
#12 /Users/amirolahmad/Documents/Projects/Anti-Scammer/vendor/laravel/framework/src/Illuminate/Routing/Router.php(968): Illuminate\Routing\Router->dispatchToRoute(Object(Illuminate\Http\Request))
#13 /Users/amirolahmad/Documents/Projects/Anti-Scammer/vendor/laravel/framework/src/Illuminate/Foundation/Application.php(738): Illuminate\Routing\Router->dispatch(Object(Illuminate\Http\Request))
#14 /Users/amirolahmad/Documents/Projects/Anti-Scammer/vendor/laravel/framework/src/Illuminate/Foundation/Application.php(708): Illuminate\Foundation\Application->dispatch(Object(Illuminate\Http\Request))
#15 /Users/amirolahmad/Documents/Projects/Anti-Scammer/vendor/laravel/framework/src/Illuminate/Http/FrameGuard.php(38): Illuminate\Foundation\Application->handle(Object(Illuminate\Http\Request), 1, true)
#16 /Users/amirolahmad/Documents/Projects/Anti-Scammer/vendor/laravel/framework/src/Illuminate/Session/Middleware.php(72): Illuminate\Http\FrameGuard->handle(Object(Illuminate\Http\Request), 1, true)
#17 /Users/amirolahmad/Documents/Projects/Anti-Scammer/vendor/laravel/framework/src/Illuminate/Cookie/Queue.php(47): Illuminate\Session\Middleware->handle(Object(Illuminate\Http\Request), 1, true)
#18 /Users/amirolahmad/Documents/Projects/Anti-Scammer/vendor/laravel/framework/src/Illuminate/Cookie/Guard.php(51): Illuminate\Cookie\Queue->handle(Object(Illuminate\Http\Request), 1, true)
#19 /Users/amirolahmad/Documents/Projects/Anti-Scammer/vendor/stack/builder/src/Stack/StackedHttpKernel.php(23): Illuminate\Cookie\Guard->handle(Object(Illuminate\Http\Request), 1, true)
#20 /Users/amirolahmad/Documents/Projects/Anti-Scammer/vendor/laravel/framework/src/Illuminate/Foundation/Application.php(606): Stack\StackedHttpKernel->handle(Object(Illuminate\Http\Request))
#21 /Users/amirolahmad/Documents/Projects/Anti-Scammer/public/index.php(49): Illuminate\Foundation\Application->run()
#22 /Users/amirolahmad/Documents/Projects/Anti-Scammer/server.php(19): require_once('/Users/amirolah...')
#23 {main}

Next exception 'ErrorException' with message 'View [layouts.main] not found. (View: /Users/amirolahmad/Documents/Projects/Anti-Scammer/app/views/report.blade.php)' in /Users/amirolahmad/Documents/Projects/Anti-Scammer/vendor/laravel/framework/src/Illuminate/View/FileViewFinder.php:139
Stack trace:
#0 /Users/amirolahmad/Documents/Projects/Anti-Scammer/vendor/laravel/framework/src/Illuminate/View/Engines/PhpEngine.php(41): Illuminate\View\Engines\CompilerEngine->handleViewException(Object(InvalidArgumentException))
#1 /Users/amirolahmad/Documents/Projects/Anti-Scammer/vendor/laravel/framework/src/Illuminate/View/Engines/CompilerEngine.php(56): Illuminate\View\Engines\PhpEngine->evaluatePath('/Users/amirolah...', Array)
#2 /Users/amirolahmad/Documents/Projects/Anti-Scammer/vendor/laravel/framework/src/Illuminate/View/View.php(134): Illuminate\View\Engines\CompilerEngine->get('/Users/amirolah...', Array)
#3 /Users/amirolahmad/Documents/Projects/Anti-Scammer/vendor/laravel/framework/src/Illuminate/View/View.php(102): Illuminate\View\View->getContents()
#4 /Users/amirolahmad/Documents/Projects/Anti-Scammer/vendor/laravel/framework/src/Illuminate/View/View.php(76): Illuminate\View\View->renderContents()
#5 /Users/amirolahmad/Documents/Projects/Anti-Scammer/vendor/laravel/framework/src/Illuminate/Http/Response.php(70): Illuminate\View\View->render()
#6 /Users/amirolahmad/Documents/Projects/Anti-Scammer/vendor/symfony/http-foundation/Symfony/Component/HttpFoundation/Response.php(202): Illuminate\Http\Response->setContent(Object(Illuminate\View\View))
#7 /Users/amirolahmad/Documents/Projects/Anti-Scammer/vendor/laravel/framework/src/Illuminate/Routing/Router.php(1427): Symfony\Component\HttpFoundation\Response->__construct(Object(Illuminate\View\View))
#8 /Users/amirolahmad/Documents/Projects/Anti-Scammer/vendor/laravel/framework/src/Illuminate/Routing/Router.php(1003): Illuminate\Routing\Router->prepareResponse(Object(Illuminate\Http\Request), Object(Illuminate\View\View))
#9 /Users/amirolahmad/Documents/Projects/Anti-Scammer/vendor/laravel/framework/src/Illuminate/Routing/Router.php(968): Illuminate\Routing\Router->dispatchToRoute(Object(Illuminate\Http\Request))
#10 /Users/amirolahmad/Documents/Projects/Anti-Scammer/vendor/laravel/framework/src/Illuminate/Foundation/Application.php(738): Illuminate\Routing\Router->dispatch(Object(Illuminate\Http\Request))
#11 /Users/amirolahmad/Documents/Projects/Anti-Scammer/vendor/laravel/framework/src/Illuminate/Foundation/Application.php(708): Illuminate\Foundation\Application->dispatch(Object(Illuminate\Http\Request))
#12 /Users/amirolahmad/Documents/Projects/Anti-Scammer/vendor/laravel/framework/src/Illuminate/Http/FrameGuard.php(38): Illuminate\Foundation\Application->handle(Object(Illuminate\Http\Request), 1, true)
#13 /Users/amirolahmad/Documents/Projects/Anti-Scammer/vendor/laravel/framework/src/Illuminate/Session/Middleware.php(72): Illuminate\Http\FrameGuard->handle(Object(Illuminate\Http\Request), 1, true)
#14 /Users/amirolahmad/Documents/Projects/Anti-Scammer/vendor/laravel/framework/src/Illuminate/Cookie/Queue.php(47): Illuminate\Session\Middleware->handle(Object(Illuminate\Http\Request), 1, true)
#15 /Users/amirolahmad/Documents/Projects/Anti-Scammer/vendor/laravel/framework/src/Illuminate/Cookie/Guard.php(51): Illuminate\Cookie\Queue->handle(Object(Illuminate\Http\Request), 1, true)
#16 /Users/amirolahmad/Documents/Projects/Anti-Scammer/vendor/stack/builder/src/Stack/StackedHttpKernel.php(23): Illuminate\Cookie\Guard->handle(Object(Illuminate\Http\Request), 1, true)
#17 /Users/amirolahmad/Documents/Projects/Anti-Scammer/vendor/laravel/framework/src/Illuminate/Foundation/Application.php(606): Stack\StackedHttpKernel->handle(Object(Illuminate\Http\Request))
#18 /Users/amirolahmad/Documents/Projects/Anti-Scammer/public/index.php(49): Illuminate\Foundation\Application->run()
#19 /Users/amirolahmad/Documents/Projects/Anti-Scammer/server.php(19): require_once('/Users/amirolah...')
#20 {main} [] []
[2014-04-14 16:06:04] production.ERROR: exception 'ErrorException' with message 'Argument 2 passed to Illuminate\Validation\Factory::make() must be of the type array, none given, called in /Users/amirolahmad/Documents/Projects/Anti-Scammer/vendor/laravel/framework/src/Illuminate/Support/Facades/Facade.php on line 208 and defined' in /Users/amirolahmad/Documents/Projects/Anti-Scammer/vendor/laravel/framework/src/Illuminate/Validation/Factory.php:86
Stack trace:
#0 /Users/amirolahmad/Documents/Projects/Anti-Scammer/vendor/laravel/framework/src/Illuminate/Validation/Factory.php(86): Illuminate\Exception\Handler->handleError(4096, 'Argument 2 pass...', '/Users/amirolah...', 86, Array)
#1 /Users/amirolahmad/Documents/Projects/Anti-Scammer/vendor/laravel/framework/src/Illuminate/Support/Facades/Facade.php(208): Illuminate\Validation\Factory->make(Array)
#2 /Users/amirolahmad/Documents/Projects/Anti-Scammer/app/controllers/HomeController.php(21): Illuminate\Support\Facades\Facade::__callStatic('make', Array)
#3 /Users/amirolahmad/Documents/Projects/Anti-Scammer/app/controllers/HomeController.php(21): Illuminate\Support\Facades\Validator::make(Array)
#4 [internal function]: HomeController->postReport()
#5 /Users/amirolahmad/Documents/Projects/Anti-Scammer/vendor/laravel/framework/src/Illuminate/Routing/Controller.php(231): call_user_func_array(Array, Array)
#6 /Users/amirolahmad/Documents/Projects/Anti-Scammer/vendor/laravel/framework/src/Illuminate/Routing/ControllerDispatcher.php(93): Illuminate\Routing\Controller->callAction('postReport', Array)
#7 /Users/amirolahmad/Documents/Projects/Anti-Scammer/vendor/laravel/framework/src/Illuminate/Routing/ControllerDispatcher.php(62): Illuminate\Routing\ControllerDispatcher->call(Object(HomeController), Object(Illuminate\Routing\Route), 'postReport')
#8 /Users/amirolahmad/Documents/Projects/Anti-Scammer/vendor/laravel/framework/src/Illuminate/Routing/Router.php(934): Illuminate\Routing\ControllerDispatcher->dispatch(Object(Illuminate\Routing\Route), Object(Illuminate\Http\Request), 'HomeController', 'postReport')
#9 [internal function]: Illuminate\Routing\Router->Illuminate\Routing\{closure}()
#10 /Users/amirolahmad/Documents/Projects/Anti-Scammer/vendor/laravel/framework/src/Illuminate/Routing/Route.php(105): call_user_func_array(Object(Closure), Array)
#11 /Users/amirolahmad/Documents/Projects/Anti-Scammer/vendor/laravel/framework/src/Illuminate/Routing/Router.php(1000): Illuminate\Routing\Route->run(Object(Illuminate\Http\Request))
#12 /Users/amirolahmad/Documents/Projects/Anti-Scammer/vendor/laravel/framework/src/Illuminate/Routing/Router.php(968): Illuminate\Routing\Router->dispatchToRoute(Object(Illuminate\Http\Request))
#13 /Users/amirolahmad/Documents/Projects/Anti-Scammer/vendor/laravel/framework/src/Illuminate/Foundation/Application.php(738): Illuminate\Routing\Router->dispatch(Object(Illuminate\Http\Request))
#14 /Users/amirolahmad/Documents/Projects/Anti-Scammer/vendor/laravel/framework/src/Illuminate/Foundation/Application.php(708): Illuminate\Foundation\Application->dispatch(Object(Illuminate\Http\Request))
#15 /Users/amirolahmad/Documents/Projects/Anti-Scammer/vendor/laravel/framework/src/Illuminate/Http/FrameGuard.php(38): Illuminate\Foundation\Application->handle(Object(Illuminate\Http\Request), 1, true)
#16 /Users/amirolahmad/Documents/Projects/Anti-Scammer/vendor/laravel/framework/src/Illuminate/Session/Middleware.php(72): Illuminate\Http\FrameGuard->handle(Object(Illuminate\Http\Request), 1, true)
#17 /Users/amirolahmad/Documents/Projects/Anti-Scammer/vendor/laravel/framework/src/Illuminate/Cookie/Queue.php(47): Illuminate\Session\Middleware->handle(Object(Illuminate\Http\Request), 1, true)
#18 /Users/amirolahmad/Documents/Projects/Anti-Scammer/vendor/laravel/framework/src/Illuminate/Cookie/Guard.php(51): Illuminate\Cookie\Queue->handle(Object(Illuminate\Http\Request), 1, true)
#19 /Users/amirolahmad/Documents/Projects/Anti-Scammer/vendor/stack/builder/src/Stack/StackedHttpKernel.php(23): Illuminate\Cookie\Guard->handle(Object(Illuminate\Http\Request), 1, true)
#20 /Users/amirolahmad/Documents/Projects/Anti-Scammer/vendor/laravel/framework/src/Illuminate/Foundation/Application.php(606): Stack\StackedHttpKernel->handle(Object(Illuminate\Http\Request))
#21 /Users/amirolahmad/Documents/Projects/Anti-Scammer/public/index.php(49): Illuminate\Foundation\Application->run()
#22 /Users/amirolahmad/Documents/Projects/Anti-Scammer/server.php(19): require_once('/Users/amirolah...')
#23 {main} [] []
[2014-04-14 16:24:34] production.ERROR: exception 'Symfony\Component\Debug\Exception\FatalErrorException' with message 'syntax error, unexpected 'as' (T_AS)' in /Users/amirolahmad/Documents/Projects/Anti-Scammer/app/storage/views/fa569672ed58a9ce31c21ee738da30ca:17
Stack trace:
#0 [internal function]: Illuminate\Exception\Handler->handleShutdown()
#1 {main} [] []
[2014-04-14 16:24:47] production.ERROR: exception 'Symfony\Component\Debug\Exception\FatalErrorException' with message 'syntax error, unexpected 'as' (T_AS)' in /Users/amirolahmad/Documents/Projects/Anti-Scammer/app/storage/views/fa569672ed58a9ce31c21ee738da30ca:17
Stack trace:
#0 [internal function]: Illuminate\Exception\Handler->handleShutdown()
#1 {main} [] []
[2014-04-14 16:24:49] production.ERROR: exception 'Symfony\Component\Debug\Exception\FatalErrorException' with message 'syntax error, unexpected 'as' (T_AS)' in /Users/amirolahmad/Documents/Projects/Anti-Scammer/app/storage/views/fa569672ed58a9ce31c21ee738da30ca:17
Stack trace:
#0 [internal function]: Illuminate\Exception\Handler->handleShutdown()
#1 {main} [] []
[2014-04-14 16:25:00] production.ERROR: exception 'Symfony\Component\Debug\Exception\FatalErrorException' with message 'syntax error, unexpected 'as' (T_AS)' in /Users/amirolahmad/Documents/Projects/Anti-Scammer/app/storage/views/fa569672ed58a9ce31c21ee738da30ca:17
Stack trace:
#0 [internal function]: Illuminate\Exception\Handler->handleShutdown()
#1 {main} [] []
[2014-04-14 16:25:24] production.ERROR: exception 'Symfony\Component\Debug\Exception\FatalErrorException' with message 'syntax error, unexpected 'as' (T_AS)' in /Users/amirolahmad/Documents/Projects/Anti-Scammer/app/storage/views/fa569672ed58a9ce31c21ee738da30ca:8
Stack trace:
#0 [internal function]: Illuminate\Exception\Handler->handleShutdown()
#1 {main} [] []
[2014-04-14 16:26:13] production.ERROR: exception 'Symfony\Component\Debug\Exception\FatalErrorException' with message 'syntax error, unexpected 'else' (T_ELSE)' in /Users/amirolahmad/Documents/Projects/Anti-Scammer/app/storage/views/fa569672ed58a9ce31c21ee738da30ca:19
Stack trace:
#0 [internal function]: Illuminate\Exception\Handler->handleShutdown()
#1 {main} [] []
